[ 2022-12-13T10:43:35+08:00 ][ info ] [ BEHAVIOR ] Run Closure @app_init [ RunTime:0.003235s ]
[ info ] [ LOG ] INIT File
[ 2022-12-13T10:43:35+08:00 ][ info ] [ CACHE ] INIT File
[ 2022-12-13T10:43:35+08:00 ][ info ] [ BEHAVIOR ] Run \addons\alioss\Alioss @app_init [ RunTime:0.004060s ]
[ 2022-12-13T10:43:35+08:00 ][ info ] [ BEHAVIOR ] Run \addons\epay\Epay @app_init [ RunTime:0.000143s ]
[ 2022-12-13T10:43:35+08:00 ][ info ] [ BEHAVIOR ] Run \addons\wanlshop\Wanlshop @app_init [ RunTime:0.000955s ]
[ 2022-12-13T10:43:35+08:00 ][ info ] [ BEHAVIOR ] Run Closure @app_init [ RunTime:0.001211s ]
[ 2022-12-13T10:44:39+08:00 ][ info ] [ BEHAVIOR ] Run Closure @app_init [ RunTime:0.000122s ]
[ info ] [ LOG ] INIT File
[ 2022-12-13T10:44:39+08:00 ][ info ] [ CACHE ] INIT File
[ 2022-12-13T10:44:39+08:00 ][ info ] [ BEHAVIOR ] Run \addons\alioss\Alioss @app_init [ RunTime:0.002904s ]
[ 2022-12-13T10:44:39+08:00 ][ info ] [ BEHAVIOR ] Run \addons\epay\Epay @app_init [ RunTime:0.000096s ]
[ 2022-12-13T10:44:39+08:00 ][ info ] [ BEHAVIOR ] Run \addons\wanlshop\Wanlshop @app_init [ RunTime:0.000671s ]
[ 2022-12-13T10:44:39+08:00 ][ info ] [ BEHAVIOR ] Run Closure @app_init [ RunTime:0.000839s ]
[ 2022-12-13T10:44:56+08:00 ][ info ] [ BEHAVIOR ] Run Closure @app_init [ RunTime:0.000116s ]
[ info ] [ LOG ] INIT File
[ 2022-12-13T10:44:56+08:00 ][ info ] [ CACHE ] INIT File
[ 2022-12-13T10:44:56+08:00 ][ info ] [ BEHAVIOR ] Run \addons\alioss\Alioss @app_init [ RunTime:0.004162s ]
[ 2022-12-13T10:44:56+08:00 ][ info ] [ BEHAVIOR ] Run \addons\epay\Epay @app_init [ RunTime:0.000134s ]
[ 2022-12-13T10:44:56+08:00 ][ info ] [ BEHAVIOR ] Run \addons\wanlshop\Wanlshop @app_init [ RunTime:0.000696s ]
[ 2022-12-13T10:44:56+08:00 ][ info ] [ BEHAVIOR ] Run Closure @app_init [ RunTime:0.000874s ]
[ 2022-12-13T10:44:56+08:00 ][ info ] [ DB ] INIT mysql
[ 2022-12-13T10:44:56+08:00 ][ sql ] [ DB ] CONNECT:[ UseTime:0.001949s ] mysql:host=127.0.0.1;port=3306;dbname=wisdom;charset=utf8mb4
[ 2022-12-13T10:44:56+08:00 ][ sql ] [ SQL ] SHOW COLUMNS FROM `static_instance` [ RunTime:0.002227s ]
[ 2022-12-13T10:44:56+08:00 ][ sql ] [ SQL ] SELECT * FROM `static_instance` WHERE  (  1=1 )  AND `remain_num` > 0 [ RunTime:0.000330s ]
[ 2022-12-13T10:44:56+08:00 ][ sql ] [ SQL ] SHOW COLUMNS FROM `xsh_system_config` [ RunTime:0.000886s ]
[ 2022-12-13T10:44:56+08:00 ][ sql ] [ SQL ] SELECT * FROM `xsh_system_config` WHERE  `s_key` = 'release_rate' LIMIT 1 [ RunTime:0.000702s ]
[ 2022-12-13T10:44:56+08:00 ][ sql ] [ SQL ] SELECT * FROM `xsh_system_config` WHERE  `s_key` = 'distribution' LIMIT 1 [ RunTime:0.000254s ]
[ 2022-12-13T10:44:56+08:00 ][ sql ] [ SQL ] SHOW COLUMNS FROM `xsh_zconfig` [ RunTime:0.000978s ]
[ 2022-12-13T10:44:56+08:00 ][ sql ] [ SQL ] SELECT * FROM `xsh_zconfig` WHERE  `key` = 'delaytime' LIMIT 1 [ RunTime:0.000524s ]
[ 2022-12-13T10:44:56+08:00 ][ sql ] [ SQL ] SHOW COLUMNS FROM `xsh_user` [ RunTime:0.001123s ]
[ 2022-12-13T10:44:56+08:00 ][ sql ] [ SQL ] SELECT * FROM `xsh_user` WHERE  `id` = 3007 LIMIT 1 [ RunTime:0.001693s ]
[ 2022-12-13T10:44:56+08:00 ][ sql ] [ SQL ] SELECT * FROM `xsh_user` WHERE  `id` = 3007 LIMIT 1 [ RunTime:0.000308s ]
[ 2022-12-13T10:44:56+08:00 ][ sql ] [ SQL ] UPDATE `xsh_user`  SET `money`=392.61  WHERE  `id` = 3007 [ RunTime:0.056584s ]
[ 2022-12-13T10:44:56+08:00 ][ sql ] [ SQL ] SHOW COLUMNS FROM `xsh_user_money_log` [ RunTime:0.001219s ]
[ 2022-12-13T10:44:56+08:00 ][ sql ] [ SQL ] INSERT INTO `xsh_user_money_log` (`user_id` , `money` , `before` , `after` , `memo` , `type` , `service_ids` , `createtime`) VALUES (3007 , 16.666666666667 , 375.95 , 392.61 , '每日收益' , 'sys' , '1' , 1670899496) [ RunTime:0.013412s ]
[ 2022-12-13T10:44:56+08:00 ][ sql ] [ SQL ] UPDATE `static_instance`  SET `remain_num`=`remain_num`-16.666666666667  WHERE  `id` = 272 [ RunTime:0.011698s ]
[ 2022-12-13T10:44:56+08:00 ][ sql ] [ SQL ] UPDATE `static_instance`  SET `was_num`=`was_num`+16.666666666667  WHERE  `id` = 272 [ RunTime:0.017412s ]
[ 2022-12-13T10:44:56+08:00 ][ sql ] [ SQL ] SELECT * FROM `xsh_user` WHERE  `id` = 3007 LIMIT 1 [ RunTime:0.000462s ]
[ 2022-12-13T10:44:56+08:00 ][ sql ] [ SQL ] SELECT * FROM `xsh_user` WHERE  `id` = 3006 LIMIT 1 [ RunTime:0.000409s ]
[ 2022-12-13T10:44:56+08:00 ][ sql ] [ SQL ] SELECT * FROM `xsh_user` WHERE  `id` = 3003 LIMIT 1 [ RunTime:0.000383s ]
[ 2022-12-13T10:44:56+08:00 ][ sql ] [ SQL ] SELECT * FROM `xsh_user` WHERE  `id` = 3002 LIMIT 1 [ RunTime:0.000362s ]
[ 2022-12-13T10:44:56+08:00 ][ sql ] [ SQL ] SELECT * FROM `xsh_user` WHERE  `id` = 2977 LIMIT 1 [ RunTime:0.000391s ]
[ 2022-12-13T10:44:56+08:00 ][ sql ] [ SQL ] SELECT * FROM `static_instance` WHERE  `user_id` = 2977  AND `remain_num` > 0 LIMIT 1 [ RunTime:0.000418s ]
[ 2022-12-13T10:44:56+08:00 ][ sql ] [ SQL ] SELECT * FROM `xsh_user` WHERE  `id` = 2976 LIMIT 1 [ RunTime:0.000387s ]
[ 2022-12-13T10:44:56+08:00 ][ sql ] [ SQL ] SELECT * FROM `xsh_user` WHERE  `id` = 2595 LIMIT 1 [ RunTime:0.000430s ]
[ 2022-12-13T10:44:56+08:00 ][ sql ] [ SQL ] SELECT * FROM `xsh_user` WHERE  `id` = 0 LIMIT 1 [ RunTime:0.000397s ]
[ 2022-12-13T10:44:56+08:00 ][ sql ] [ SQL ] SELECT * FROM `xsh_user` WHERE  `id` = 3006 LIMIT 1 [ RunTime:0.000388s ]
[ 2022-12-13T10:44:56+08:00 ][ sql ] [ SQL ] SELECT * FROM `xsh_user` WHERE  `id` = 3006 LIMIT 1 [ RunTime:0.000366s ]
[ 2022-12-13T10:44:56+08:00 ][ sql ] [ SQL ] UPDATE `xsh_user`  SET `money`=244.8  WHERE  `id` = 3006 [ RunTime:0.009256s ]
[ 2022-12-13T10:44:56+08:00 ][ sql ] [ SQL ] INSERT INTO `xsh_user_money_log` (`user_id` , `money` , `before` , `after` , `memo` , `type` , `service_ids` , `createtime`) VALUES (3006 , 16.666666666667 , 228.14 , 244.8 , '每日收益' , 'sys' , '1' , 1670899496) [ RunTime:0.014583s ]
[ 2022-12-13T10:44:56+08:00 ][ sql ] [ SQL ] UPDATE `static_instance`  SET `remain_num`=`remain_num`-16.666666666667  WHERE  `id` = 273 [ RunTime:0.014954s ]
[ 2022-12-13T10:44:56+08:00 ][ sql ] [ SQL ] UPDATE `static_instance`  SET `was_num`=`was_num`+16.666666666667  WHERE  `id` = 273 [ RunTime:0.015492s ]
[ 2022-12-13T10:44:56+08:00 ][ sql ] [ SQL ] SELECT * FROM `xsh_user` WHERE  `id` = 3006 LIMIT 1 [ RunTime:0.000571s ]
[ 2022-12-13T10:44:56+08:00 ][ sql ] [ SQL ] SELECT * FROM `xsh_user` WHERE  `id` = 3003 LIMIT 1 [ RunTime:0.000510s ]
[ 2022-12-13T10:44:56+08:00 ][ sql ] [ SQL ] SELECT * FROM `xsh_user` WHERE  `id` = 3002 LIMIT 1 [ RunTime:0.000436s ]
[ 2022-12-13T10:44:56+08:00 ][ sql ] [ SQL ] SELECT * FROM `xsh_user` WHERE  `id` = 2977 LIMIT 1 [ RunTime:0.000293s ]
[ 2022-12-13T10:44:56+08:00 ][ sql ] [ SQL ] SELECT * FROM `static_instance` WHERE  `user_id` = 2977  AND `remain_num` > 0 LIMIT 1 [ RunTime:0.000360s ]
[ 2022-12-13T10:44:56+08:00 ][ sql ] [ SQL ] SELECT * FROM `xsh_user` WHERE  `id` = 2976 LIMIT 1 [ RunTime:0.000418s ]
[ 2022-12-13T10:44:56+08:00 ][ sql ] [ SQL ] SELECT * FROM `xsh_user` WHERE  `id` = 2595 LIMIT 1 [ RunTime:0.000359s ]
[ 2022-12-13T10:44:56+08:00 ][ sql ] [ SQL ] SELECT * FROM `xsh_user` WHERE  `id` = 0 LIMIT 1 [ RunTime:0.000387s ]
[ 2022-12-13T10:44:56+08:00 ][ sql ] [ SQL ] SELECT * FROM `xsh_user` WHERE  `id` = 3009 LIMIT 1 [ RunTime:0.000395s ]
[ 2022-12-13T10:44:56+08:00 ][ sql ] [ SQL ] SELECT * FROM `xsh_user` WHERE  `id` = 3009 LIMIT 1 [ RunTime:0.000392s ]
[ 2022-12-13T10:44:56+08:00 ][ sql ] [ SQL ] UPDATE `xsh_user`  SET `money`=199.98  WHERE  `id` = 3009 [ RunTime:0.008861s ]
[ 2022-12-13T10:44:56+08:00 ][ sql ] [ SQL ] INSERT INTO `xsh_user_money_log` (`user_id` , `money` , `before` , `after` , `memo` , `type` , `service_ids` , `createtime`) VALUES (3009 , 16.666666666667 , 183.32 , 199.98 , '每日收益' , 'sys' , '1' , 1670899496) [ RunTime:0.015660s ]
[ 2022-12-13T10:44:56+08:00 ][ sql ] [ SQL ] UPDATE `static_instance`  SET `remain_num`=`remain_num`-16.666666666667  WHERE  `id` = 274 [ RunTime:0.014730s ]
[ 2022-12-13T10:44:56+08:00 ][ sql ] [ SQL ] UPDATE `static_instance`  SET `was_num`=`was_num`+16.666666666667  WHERE  `id` = 274 [ RunTime:0.015725s ]
[ 2022-12-13T10:44:56+08:00 ][ sql ] [ SQL ] SELECT * FROM `xsh_user` WHERE  `id` = 3009 LIMIT 1 [ RunTime:0.000572s ]
[ 2022-12-13T10:44:56+08:00 ][ sql ] [ SQL ] SELECT * FROM `xsh_user` WHERE  `id` = 3008 LIMIT 1 [ RunTime:0.000434s ]
[ 2022-12-13T10:44:56+08:00 ][ sql ] [ SQL ] SELECT * FROM `xsh_user` WHERE  `id` = 3007 LIMIT 1 [ RunTime:0.000375s ]
[ 2022-12-13T10:44:56+08:00 ][ sql ] [ SQL ] SELECT * FROM `xsh_user` WHERE  `id` = 3006 LIMIT 1 [ RunTime:0.000383s ]
[ 2022-12-13T10:44:56+08:00 ][ sql ] [ SQL ] SELECT * FROM `xsh_user` WHERE  `id` = 3003 LIMIT 1 [ RunTime:0.000394s ]
[ 2022-12-13T10:44:56+08:00 ][ sql ] [ SQL ] SELECT * FROM `xsh_user` WHERE  `id` = 3002 LIMIT 1 [ RunTime:0.000362s ]
[ 2022-12-13T10:44:56+08:00 ][ sql ] [ SQL ] SELECT * FROM `xsh_user` WHERE  `id` = 2977 LIMIT 1 [ RunTime:0.000406s ]
[ 2022-12-13T10:44:56+08:00 ][ sql ] [ SQL ] SELECT * FROM `static_instance` WHERE  `user_id` = 2977  AND `remain_num` > 0 LIMIT 1 [ RunTime:0.000390s ]
[ 2022-12-13T10:44:56+08:00 ][ sql ] [ SQL ] SELECT * FROM `xsh_user` WHERE  `id` = 2976 LIMIT 1 [ RunTime:0.000491s ]
[ 2022-12-13T10:44:56+08:00 ][ sql ] [ SQL ] SELECT * FROM `xsh_user` WHERE  `id` = 2595 LIMIT 1 [ RunTime:0.000323s ]
[ 2022-12-13T10:44:56+08:00 ][ sql ] [ SQL ] SELECT * FROM `xsh_user` WHERE  `id` = 0 LIMIT 1 [ RunTime:0.000239s ]
[ 2022-12-13T10:44:56+08:00 ][ sql ] [ SQL ] SELECT * FROM `xsh_user` WHERE  `id` = 3008 LIMIT 1 [ RunTime:0.000313s ]
[ 2022-12-13T10:44:56+08:00 ][ sql ] [ SQL ] SELECT * FROM `xsh_user` WHERE  `id` = 3008 LIMIT 1 [ RunTime:0.000226s ]
[ 2022-12-13T10:44:56+08:00 ][ sql ] [ SQL ] UPDATE `xsh_user`  SET `money`=216.63  WHERE  `id` = 3008 [ RunTime:0.021132s ]
[ 2022-12-13T10:44:56+08:00 ][ sql ] [ SQL ] INSERT INTO `xsh_user_money_log` (`user_id` , `money` , `before` , `after` , `memo` , `type` , `service_ids` , `createtime`) VALUES (3008 , 16.666666666667 , 199.97 , 216.63 , '每日收益' , 'sys' , '1' , 1670899496) [ RunTime:0.015142s ]
[ 2022-12-13T10:44:56+08:00 ][ sql ] [ SQL ] UPDATE `static_instance`  SET `remain_num`=`remain_num`-16.666666666667  WHERE  `id` = 275 [ RunTime:0.015913s ]
[ 2022-12-13T10:44:56+08:00 ][ sql ] [ SQL ] UPDATE `static_instance`  SET `was_num`=`was_num`+16.666666666667  WHERE  `id` = 275 [ RunTime:0.015159s ]
[ 2022-12-13T10:44:56+08:00 ][ sql ] [ SQL ] SELECT * FROM `xsh_user` WHERE  `id` = 3008 LIMIT 1 [ RunTime:0.000650s ]
[ 2022-12-13T10:44:56+08:00 ][ sql ] [ SQL ] SELECT * FROM `xsh_user` WHERE  `id` = 3007 LIMIT 1 [ RunTime:0.000456s ]
[ 2022-12-13T10:44:56+08:00 ][ sql ] [ SQL ] SELECT * FROM `xsh_user` WHERE  `id` = 3006 LIMIT 1 [ RunTime:0.000378s ]
[ 2022-12-13T10:44:56+08:00 ][ sql ] [ SQL ] SELECT * FROM `xsh_user` WHERE  `id` = 3003 LIMIT 1 [ RunTime:0.000394s ]
[ 2022-12-13T10:44:56+08:00 ][ sql ] [ SQL ] SELECT * FROM `xsh_user` WHERE  `id` = 3002 LIMIT 1 [ RunTime:0.000367s ]
[ 2022-12-13T10:44:56+08:00 ][ sql ] [ SQL ] SELECT * FROM `xsh_user` WHERE  `id` = 2977 LIMIT 1 [ RunTime:0.000393s ]
[ 2022-12-13T10:44:56+08:00 ][ sql ] [ SQL ] SELECT * FROM `static_instance` WHERE  `user_id` = 2977  AND `remain_num` > 0 LIMIT 1 [ RunTime:0.000404s ]
[ 2022-12-13T10:44:56+08:00 ][ sql ] [ SQL ] SELECT * FROM `xsh_user` WHERE  `id` = 2976 LIMIT 1 [ RunTime:0.000341s ]
[ 2022-12-13T10:44:56+08:00 ][ sql ] [ SQL ] SELECT * FROM `xsh_user` WHERE  `id` = 2595 LIMIT 1 [ RunTime:0.000380s ]
[ 2022-12-13T10:44:56+08:00 ][ sql ] [ SQL ] SELECT * FROM `xsh_user` WHERE  `id` = 0 LIMIT 1 [ RunTime:0.000392s ]
[ 2022-12-13T10:44:56+08:00 ][ sql ] [ SQL ] SHOW COLUMNS FROM `xsh_user_team` [ RunTime:0.001326s ]
[ 2022-12-13T10:44:56+08:00 ][ sql ] [ SQL ] SELECT * FROM `xsh_user_team` WHERE  (  1=1 ) [ RunTime:0.000769s ]
[ 2022-12-13T10:44:56+08:00 ][ sql ] [ SQL ] UPDATE `xsh_user_team`  SET `yestodayorder`=0  WHERE  `id` = 1 [ RunTime:0.000387s ]
[ 2022-12-13T10:44:56+08:00 ][ sql ] [ SQL ] UPDATE `xsh_user_team`  SET `yestodayorder`=0  WHERE  `id` = 382 [ RunTime:0.000154s ]
[ 2022-12-13T10:44:56+08:00 ][ sql ] [ SQL ] UPDATE `xsh_user_team`  SET `yestodayorder`=0  WHERE  `id` = 383 [ RunTime:0.000322s ]
[ 2022-12-13T10:44:56+08:00 ][ sql ] [ SQL ] UPDATE `xsh_user_team`  SET `yestodayorder`=0  WHERE  `id` = 384 [ RunTime:0.000311s ]
[ 2022-12-13T10:44:56+08:00 ][ sql ] [ SQL ] UPDATE `xsh_user_team`  SET `yestodayorder`=0  WHERE  `id` = 385 [ RunTime:0.000302s ]
[ 2022-12-13T10:44:56+08:00 ][ sql ] [ SQL ] UPDATE `xsh_user_team`  SET `yestodayorder`=0  WHERE  `id` = 386 [ RunTime:0.000288s ]
[ 2022-12-13T10:44:56+08:00 ][ sql ] [ SQL ] UPDATE `xsh_user_team`  SET `yestodayorder`=0  WHERE  `id` = 387 [ RunTime:0.000194s ]
[ 2022-12-13T10:44:56+08:00 ][ sql ] [ SQL ] UPDATE `xsh_user_team`  SET `yestodayorder`=0  WHERE  `id` = 388 [ RunTime:0.000319s ]
[ 2022-12-13T10:44:56+08:00 ][ sql ] [ SQL ] UPDATE `xsh_user_team`  SET `yestodayorder`=0  WHERE  `id` = 389 [ RunTime:0.000310s ]
[ 2022-12-13T10:44:56+08:00 ][ sql ] [ SQL ] UPDATE `xsh_user_team`  SET `yestodayorder`=0  WHERE  `id` = 390 [ RunTime:0.000262s ]
[ 2022-12-13T10:44:56+08:00 ][ sql ] [ SQL ] UPDATE `xsh_user_team`  SET `yestodayorder`=0  WHERE  `id` = 391 [ RunTime:0.000242s ]
[ 2022-12-13T10:44:56+08:00 ][ sql ] [ SQL ] UPDATE `xsh_user_team`  SET `yestodayorder`=0  WHERE  `id` = 392 [ RunTime:0.000370s ]
[ 2022-12-13T10:44:56+08:00 ][ sql ] [ SQL ] UPDATE `xsh_user_team`  SET `yestodayorder`=0  WHERE  `id` = 393 [ RunTime:0.000235s ]
[ 2022-12-13T10:44:56+08:00 ][ sql ] [ SQL ] UPDATE `xsh_user_team`  SET `yestodayorder`=0  WHERE  `id` = 394 [ RunTime:0.000211s ]
[ 2022-12-13T10:44:56+08:00 ][ sql ] [ SQL ] UPDATE `xsh_user_team`  SET `yestodayorder`=0  WHERE  `id` = 395 [ RunTime:0.000113s ]
[ 2022-12-13T10:44:56+08:00 ][ sql ] [ SQL ] UPDATE `xsh_user_team`  SET `yestodayorder`=0  WHERE  `id` = 396 [ RunTime:0.000106s ]
[ 2022-12-13T10:44:56+08:00 ][ sql ] [ SQL ] UPDATE `xsh_user_team`  SET `yestodayorder`=0  WHERE  `id` = 397 [ RunTime:0.000100s ]
[ 2022-12-13T10:44:56+08:00 ][ sql ] [ SQL ] UPDATE `xsh_user_team`  SET `yestodayorder`=0  WHERE  `id` = 398 [ RunTime:0.000103s ]
[ 2022-12-13T10:44:56+08:00 ][ sql ] [ SQL ] UPDATE `xsh_user_team`  SET `yestodayorder`=0  WHERE  `id` = 399 [ RunTime:0.000097s ]
[ 2022-12-13T10:44:56+08:00 ][ sql ] [ SQL ] UPDATE `xsh_user_team`  SET `yestodayorder`=0  WHERE  `id` = 400 [ RunTime:0.000098s ]
[ 2022-12-13T10:44:56+08:00 ][ sql ] [ SQL ] UPDATE `xsh_user_team`  SET `yestodayorder`=0  WHERE  `id` = 401 [ RunTime:0.000101s ]
[ 2022-12-13T10:44:56+08:00 ][ sql ] [ SQL ] UPDATE `xsh_user_team`  SET `yestodayorder`=0  WHERE  `id` = 402 [ RunTime:0.000200s ]
[ 2022-12-13T10:44:56+08:00 ][ sql ] [ SQL ] UPDATE `xsh_user_team`  SET `yestodayorder`=0  WHERE  `id` = 403 [ RunTime:0.000186s ]
[ 2022-12-13T10:44:56+08:00 ][ sql ] [ SQL ] UPDATE `xsh_user_team`  SET `yestodayorder`=0  WHERE  `id` = 404 [ RunTime:0.000208s ]
[ 2022-12-13T10:44:56+08:00 ][ sql ] [ SQL ] UPDATE `xsh_user_team`  SET `yestodayorder`=0  WHERE  `id` = 405 [ RunTime:0.000222s ]
[ 2022-12-13T10:44:56+08:00 ][ sql ] [ SQL ] UPDATE `xsh_user_team`  SET `yestodayorder`=0  WHERE  `id` = 406 [ RunTime:0.000183s ]
[ 2022-12-13T10:44:56+08:00 ][ sql ] [ SQL ] UPDATE `xsh_user_team`  SET `yestodayorder`=0  WHERE  `id` = 407 [ RunTime:0.000356s ]
[ 2022-12-13T10:44:56+08:00 ][ sql ] [ SQL ] UPDATE `xsh_user_team`  SET `yestodayorder`=0  WHERE  `id` = 408 [ RunTime:0.000149s ]
[ 2022-12-13T10:44:56+08:00 ][ sql ] [ SQL ] UPDATE `xsh_user_team`  SET `yestodayorder`=0  WHERE  `id` = 409 [ RunTime:0.000149s ]
[ 2022-12-13T10:44:56+08:00 ][ sql ] [ SQL ] UPDATE `xsh_user_team`  SET `yestodayorder`=0  WHERE  `id` = 410 [ RunTime:0.000165s ]
[ 2022-12-13T10:44:56+08:00 ][ sql ] [ SQL ] UPDATE `xsh_user_team`  SET `yestodayorder`=0  WHERE  `id` = 411 [ RunTime:0.000138s ]
[ 2022-12-13T10:44:56+08:00 ][ sql ] [ SQL ] UPDATE `xsh_user_team`  SET `yestodayorder`=0  WHERE  `id` = 412 [ RunTime:0.000134s ]
[ 2022-12-13T10:44:56+08:00 ][ sql ] [ SQL ] UPDATE `xsh_user_team`  SET `yestodayorder`=0  WHERE  `id` = 413 [ RunTime:0.000165s ]
[ 2022-12-13T10:44:56+08:00 ][ sql ] [ SQL ] UPDATE `xsh_user_team`  SET `yestodayorder`=0  WHERE  `id` = 414 [ RunTime:0.000220s ]
[ 2022-12-13T10:44:56+08:00 ][ sql ] [ SQL ] UPDATE `xsh_user_team`  SET `yestodayorder`=0  WHERE  `id` = 415 [ RunTime:0.000238s ]
[ 2022-12-13T10:44:56+08:00 ][ sql ] [ SQL ] UPDATE `xsh_user_team`  SET `yestodayorder`=0  WHERE  `id` = 416 [ RunTime:0.000312s ]
[ 2022-12-13T10:44:56+08:00 ][ sql ] [ SQL ] UPDATE `xsh_user_team`  SET `yestodayorder`=0  WHERE  `id` = 417 [ RunTime:0.000220s ]
[ 2022-12-13T10:44:56+08:00 ][ sql ] [ SQL ] UPDATE `xsh_user_team`  SET `yestodayorder`=0  WHERE  `id` = 418 [ RunTime:0.000298s ]
[ 2022-12-13T10:44:56+08:00 ][ sql ] [ SQL ] UPDATE `xsh_user_team`  SET `yestodayorder`=0  WHERE  `id` = 419 [ RunTime:0.000217s ]
[ 2022-12-13T10:44:56+08:00 ][ sql ] [ SQL ] UPDATE `xsh_user_team`  SET `yestodayorder`=0  WHERE  `id` = 420 [ RunTime:0.000109s ]
[ 2022-12-13T10:44:56+08:00 ][ sql ] [ SQL ] UPDATE `xsh_user_team`  SET `yestodayorder`=0  WHERE  `id` = 421 [ RunTime:0.000097s ]
[ 2022-12-13T10:44:56+08:00 ][ sql ] [ SQL ] UPDATE `xsh_user_team`  SET `yestodayorder`=0  WHERE  `id` = 422 [ RunTime:0.000094s ]
[ 2022-12-13T10:44:56+08:00 ][ sql ] [ SQL ] UPDATE `xsh_user_team`  SET `yestodayorder`=0  WHERE  `id` = 423 [ RunTime:0.000099s ]
[ 2022-12-13T10:44:56+08:00 ][ sql ] [ SQL ] UPDATE `xsh_user_team`  SET `yestodayorder`=0  WHERE  `id` = 424 [ RunTime:0.000101s ]
[ 2022-12-13T10:44:56+08:00 ][ sql ] [ SQL ] UPDATE `xsh_user_team`  SET `yestodayorder`=0  WHERE  `id` = 425 [ RunTime:0.000101s ]
[ 2022-12-13T10:44:56+08:00 ][ sql ] [ SQL ] UPDATE `xsh_user_team`  SET `yestodayorder`=0  WHERE  `id` = 426 [ RunTime:0.000102s ]
[ 2022-12-13T10:44:56+08:00 ][ sql ] [ SQL ] UPDATE `xsh_user_team`  SET `yestodayorder`=0  WHERE  `id` = 427 [ RunTime:0.000095s ]
[ 2022-12-13T10:44:56+08:00 ][ sql ] [ SQL ] UPDATE `xsh_user_team`  SET `yestodayorder`=0  WHERE  `id` = 428 [ RunTime:0.000109s ]
[ 2022-12-13T10:44:56+08:00 ][ sql ] [ SQL ] UPDATE `xsh_user_team`  SET `yestodayorder`=0  WHERE  `id` = 429 [ RunTime:0.000117s ]
[ 2022-12-13T10:44:56+08:00 ][ sql ] [ SQL ] UPDATE `xsh_user_team`  SET `yestodayorder`=0  WHERE  `id` = 430 [ RunTime:0.000165s ]
[ 2022-12-13T10:44:56+08:00 ][ sql ] [ SQL ] UPDATE `xsh_user_team`  SET `yestodayorder`=0  WHERE  `id` = 431 [ RunTime:0.000118s ]
[ 2022-12-13T10:44:56+08:00 ][ sql ] [ SQL ] UPDATE `xsh_user_team`  SET `yestodayorder`=0  WHERE  `id` = 432 [ RunTime:0.000106s ]
[ 2022-12-13T10:44:56+08:00 ][ sql ] [ SQL ] UPDATE `xsh_user_team`  SET `yestodayorder`=0  WHERE  `id` = 433 [ RunTime:0.000109s ]
[ 2022-12-13T10:44:56+08:00 ][ sql ] [ SQL ] UPDATE `xsh_user_team`  SET `yestodayorder`=0  WHERE  `id` = 434 [ RunTime:0.000145s ]
[ 2022-12-13T10:44:56+08:00 ][ sql ] [ SQL ] UPDATE `xsh_user_team`  SET `yestodayorder`=0  WHERE  `id` = 435 [ RunTime:0.000156s ]
[ 2022-12-13T10:44:56+08:00 ][ sql ] [ SQL ] UPDATE `xsh_user_team`  SET `todayorder`=0  WHERE  (  1=1 ) [ RunTime:0.000222s ]
[ 2022-12-13T10:50:28+08:00 ][ info ] [ BEHAVIOR ] Run Closure @app_init [ RunTime:0.000131s ]
[ info ] [ LOG ] INIT File
[ 2022-12-13T10:50:28+08:00 ][ info ] [ CACHE ] INIT File
[ 2022-12-13T10:50:28+08:00 ][ info ] [ BEHAVIOR ] Run \addons\alioss\Alioss @app_init [ RunTime:0.002904s ]
[ 2022-12-13T10:50:28+08:00 ][ info ] [ BEHAVIOR ] Run \addons\epay\Epay @app_init [ RunTime:0.000077s ]
[ 2022-12-13T10:50:28+08:00 ][ info ] [ BEHAVIOR ] Run \addons\wanlshop\Wanlshop @app_init [ RunTime:0.000564s ]
[ 2022-12-13T10:50:28+08:00 ][ info ] [ BEHAVIOR ] Run Closure @app_init [ RunTime:0.000703s ]
[ 2022-12-13T10:50:28+08:00 ][ info ] [ DB ] INIT mysql
[ 2022-12-13T10:50:28+08:00 ][ sql ] [ DB ] CONNECT:[ UseTime:0.001095s ] mysql:host=127.0.0.1;port=3306;dbname=wisdom;charset=utf8mb4
[ 2022-12-13T10:50:28+08:00 ][ sql ] [ SQL ] SHOW COLUMNS FROM `static_instance` [ RunTime:0.001751s ]
[ 2022-12-13T10:50:28+08:00 ][ sql ] [ SQL ] SELECT * FROM `static_instance` WHERE  (  1=1 )  AND `remain_num` > 0 [ RunTime:0.000445s ]
[ 2022-12-13T10:50:28+08:00 ][ sql ] [ SQL ] SHOW COLUMNS FROM `xsh_system_config` [ RunTime:0.000953s ]
[ 2022-12-13T10:50:28+08:00 ][ sql ] [ SQL ] SELECT * FROM `xsh_system_config` WHERE  `s_key` = 'release_rate' LIMIT 1 [ RunTime:0.000404s ]
[ 2022-12-13T10:50:28+08:00 ][ sql ] [ SQL ] SELECT * FROM `xsh_system_config` WHERE  `s_key` = 'distribution' LIMIT 1 [ RunTime:0.000332s ]
[ 2022-12-13T10:50:28+08:00 ][ sql ] [ SQL ] SHOW COLUMNS FROM `xsh_zconfig` [ RunTime:0.000892s ]
[ 2022-12-13T10:50:28+08:00 ][ sql ] [ SQL ] SELECT * FROM `xsh_zconfig` WHERE  `key` = 'delaytime' LIMIT 1 [ RunTime:0.000401s ]
[ 2022-12-13T10:50:28+08:00 ][ sql ] [ SQL ] SHOW COLUMNS FROM `xsh_user` [ RunTime:0.001690s ]
[ 2022-12-13T10:50:28+08:00 ][ sql ] [ SQL ] SELECT * FROM `xsh_user` WHERE  `id` = 3007 LIMIT 1 [ RunTime:0.000417s ]
[ 2022-12-13T10:50:28+08:00 ][ sql ] [ SQL ] SELECT * FROM `xsh_user` WHERE  `id` = 3007 LIMIT 1 [ RunTime:0.000309s ]
[ 2022-12-13T10:50:28+08:00 ][ sql ] [ SQL ] UPDATE `xsh_user`  SET `money`=417.61  WHERE  `id` = 3007 [ RunTime:0.110175s ]
[ 2022-12-13T10:50:28+08:00 ][ sql ] [ SQL ] SHOW COLUMNS FROM `xsh_user_money_log` [ RunTime:0.001127s ]
[ 2022-12-13T10:50:28+08:00 ][ sql ] [ SQL ] INSERT INTO `xsh_user_money_log` (`user_id` , `money` , `before` , `after` , `memo` , `type` , `service_ids` , `createtime`) VALUES (3007 , 25 , 392.61 , 417.61 , '每日收益' , 'sys' , '1' , 1670899828) [ RunTime:0.015079s ]
[ 2022-12-13T10:50:28+08:00 ][ sql ] [ SQL ] UPDATE `static_instance`  SET `remain_num`=`remain_num`-25  WHERE  `id` = 272 [ RunTime:0.014012s ]
[ 2022-12-13T10:50:28+08:00 ][ sql ] [ SQL ] UPDATE `static_instance`  SET `was_num`=`was_num`+25  WHERE  `id` = 272 [ RunTime:0.014474s ]
[ 2022-12-13T10:50:28+08:00 ][ sql ] [ SQL ] SELECT * FROM `xsh_user` WHERE  `id` = 3007 LIMIT 1 [ RunTime:0.000482s ]
[ 2022-12-13T10:50:28+08:00 ][ sql ] [ SQL ] SELECT * FROM `xsh_user` WHERE  `id` = 3006 LIMIT 1 [ RunTime:0.000398s ]
[ 2022-12-13T10:50:28+08:00 ][ sql ] [ SQL ] SELECT * FROM `xsh_user` WHERE  `id` = 3003 LIMIT 1 [ RunTime:0.000340s ]
[ 2022-12-13T10:50:28+08:00 ][ sql ] [ SQL ] SELECT * FROM `xsh_user` WHERE  `id` = 3002 LIMIT 1 [ RunTime:0.000373s ]
[ 2022-12-13T10:50:28+08:00 ][ sql ] [ SQL ] SELECT * FROM `xsh_user` WHERE  `id` = 2977 LIMIT 1 [ RunTime:0.000327s ]
[ 2022-12-13T10:50:28+08:00 ][ sql ] [ SQL ] SELECT * FROM `static_instance` WHERE  `user_id` = 2977  AND `remain_num` > 0 LIMIT 1 [ RunTime:0.000376s ]
[ 2022-12-13T10:50:28+08:00 ][ sql ] [ SQL ] SELECT * FROM `xsh_user` WHERE  `id` = 2976 LIMIT 1 [ RunTime:0.000336s ]
[ 2022-12-13T10:50:28+08:00 ][ sql ] [ SQL ] SELECT * FROM `xsh_user` WHERE  `id` = 2595 LIMIT 1 [ RunTime:0.000378s ]
[ 2022-12-13T10:50:28+08:00 ][ sql ] [ SQL ] SELECT * FROM `xsh_user` WHERE  `id` = 0 LIMIT 1 [ RunTime:0.000370s ]
[ 2022-12-13T10:50:28+08:00 ][ sql ] [ SQL ] SELECT * FROM `xsh_user` WHERE  `id` = 3006 LIMIT 1 [ RunTime:0.000373s ]
[ 2022-12-13T10:50:28+08:00 ][ sql ] [ SQL ] SELECT * FROM `xsh_user` WHERE  `id` = 3006 LIMIT 1 [ RunTime:0.000326s ]
[ 2022-12-13T10:50:28+08:00 ][ sql ] [ SQL ] UPDATE `xsh_user`  SET `money`=278.13  WHERE  `id` = 3006 [ RunTime:0.008744s ]
[ 2022-12-13T10:50:28+08:00 ][ sql ] [ SQL ] INSERT INTO `xsh_user_money_log` (`user_id` , `money` , `before` , `after` , `memo` , `type` , `service_ids` , `createtime`) VALUES (3006 , 33.333333333333 , 244.8 , 278.13 , '每日收益' , 'sys' , '1' , 1670899828) [ RunTime:0.015306s ]
[ 2022-12-13T10:50:28+08:00 ][ sql ] [ SQL ] UPDATE `static_instance`  SET `remain_num`=`remain_num`-33.333333333333  WHERE  `id` = 273 [ RunTime:0.016271s ]
[ 2022-12-13T10:50:28+08:00 ][ sql ] [ SQL ] UPDATE `static_instance`  SET `was_num`=`was_num`+33.333333333333  WHERE  `id` = 273 [ RunTime:0.014087s ]
[ 2022-12-13T10:50:28+08:00 ][ sql ] [ SQL ] SELECT * FROM `xsh_user` WHERE  `id` = 3006 LIMIT 1 [ RunTime:0.000479s ]
[ 2022-12-13T10:50:28+08:00 ][ sql ] [ SQL ] SELECT * FROM `xsh_user` WHERE  `id` = 3003 LIMIT 1 [ RunTime:0.000382s ]
[ 2022-12-13T10:50:28+08:00 ][ sql ] [ SQL ] SELECT * FROM `xsh_user` WHERE  `id` = 3002 LIMIT 1 [ RunTime:0.000378s ]
[ 2022-12-13T10:50:28+08:00 ][ sql ] [ SQL ] SELECT * FROM `xsh_user` WHERE  `id` = 2977 LIMIT 1 [ RunTime:0.000361s ]
[ 2022-12-13T10:50:28+08:00 ][ sql ] [ SQL ] SELECT * FROM `static_instance` WHERE  `user_id` = 2977  AND `remain_num` > 0 LIMIT 1 [ RunTime:0.000388s ]
[ 2022-12-13T10:50:28+08:00 ][ sql ] [ SQL ] SELECT * FROM `xsh_user` WHERE  `id` = 2976 LIMIT 1 [ RunTime:0.000400s ]
[ 2022-12-13T10:50:28+08:00 ][ sql ] [ SQL ] SELECT * FROM `xsh_user` WHERE  `id` = 2595 LIMIT 1 [ RunTime:0.000379s ]
[ 2022-12-13T10:50:28+08:00 ][ sql ] [ SQL ] SELECT * FROM `xsh_user` WHERE  `id` = 0 LIMIT 1 [ RunTime:0.000318s ]
[ 2022-12-13T10:50:28+08:00 ][ sql ] [ SQL ] SELECT * FROM `xsh_user` WHERE  `id` = 3009 LIMIT 1 [ RunTime:0.000393s ]
[ 2022-12-13T10:50:28+08:00 ][ sql ] [ SQL ] SELECT * FROM `xsh_user` WHERE  `id` = 3009 LIMIT 1 [ RunTime:0.000252s ]
[ 2022-12-13T10:50:28+08:00 ][ sql ] [ SQL ] UPDATE `xsh_user`  SET `money`=216.64  WHERE  `id` = 3009 [ RunTime:0.009165s ]
[ 2022-12-13T10:50:28+08:00 ][ sql ] [ SQL ] INSERT INTO `xsh_user_money_log` (`user_id` , `money` , `before` , `after` , `memo` , `type` , `service_ids` , `createtime`) VALUES (3009 , 16.666666666667 , 199.98 , 216.64 , '每日收益' , 'sys' , '1' , 1670899828) [ RunTime:0.014375s ]
[ 2022-12-13T10:50:28+08:00 ][ sql ] [ SQL ] UPDATE `static_instance`  SET `remain_num`=`remain_num`-16.666666666667  WHERE  `id` = 274 [ RunTime:0.014860s ]
[ 2022-12-13T10:50:28+08:00 ][ sql ] [ SQL ] UPDATE `static_instance`  SET `was_num`=`was_num`+16.666666666667  WHERE  `id` = 274 [ RunTime:0.015611s ]
[ 2022-12-13T10:50:28+08:00 ][ sql ] [ SQL ] SELECT * FROM `xsh_user` WHERE  `id` = 3009 LIMIT 1 [ RunTime:0.000529s ]
[ 2022-12-13T10:50:28+08:00 ][ sql ] [ SQL ] SELECT * FROM `xsh_user` WHERE  `id` = 3008 LIMIT 1 [ RunTime:0.000460s ]
[ 2022-12-13T10:50:28+08:00 ][ sql ] [ SQL ] SELECT * FROM `xsh_user` WHERE  `id` = 3007 LIMIT 1 [ RunTime:0.000365s ]
[ 2022-12-13T10:50:28+08:00 ][ sql ] [ SQL ] SELECT * FROM `xsh_user` WHERE  `id` = 3006 LIMIT 1 [ RunTime:0.000380s ]
[ 2022-12-13T10:50:28+08:00 ][ sql ] [ SQL ] SELECT * FROM `xsh_user` WHERE  `id` = 3003 LIMIT 1 [ RunTime:0.000419s ]
[ 2022-12-13T10:50:28+08:00 ][ sql ] [ SQL ] SELECT * FROM `xsh_user` WHERE  `id` = 3002 LIMIT 1 [ RunTime:0.000365s ]
[ 2022-12-13T10:50:28+08:00 ][ sql ] [ SQL ] SELECT * FROM `xsh_user` WHERE  `id` = 2977 LIMIT 1 [ RunTime:0.000364s ]
[ 2022-12-13T10:50:28+08:00 ][ sql ] [ SQL ] SELECT * FROM `static_instance` WHERE  `user_id` = 2977  AND `remain_num` > 0 LIMIT 1 [ RunTime:0.000252s ]
[ 2022-12-13T10:50:28+08:00 ][ sql ] [ SQL ] SELECT * FROM `xsh_user` WHERE  `id` = 2976 LIMIT 1 [ RunTime:0.000393s ]
[ 2022-12-13T10:50:28+08:00 ][ sql ] [ SQL ] SELECT * FROM `xsh_user` WHERE  `id` = 2595 LIMIT 1 [ RunTime:0.000286s ]
[ 2022-12-13T10:50:28+08:00 ][ sql ] [ SQL ] SELECT * FROM `xsh_user` WHERE  `id` = 0 LIMIT 1 [ RunTime:0.000278s ]
[ 2022-12-13T10:50:28+08:00 ][ sql ] [ SQL ] SELECT * FROM `xsh_user` WHERE  `id` = 3008 LIMIT 1 [ RunTime:0.000391s ]
[ 2022-12-13T10:50:28+08:00 ][ sql ] [ SQL ] SELECT * FROM `xsh_user` WHERE  `id` = 3008 LIMIT 1 [ RunTime:0.000391s ]
[ 2022-12-13T10:50:28+08:00 ][ sql ] [ SQL ] UPDATE `xsh_user`  SET `money`=236.63  WHERE  `id` = 3008 [ RunTime:0.021859s ]
[ 2022-12-13T10:50:28+08:00 ][ sql ] [ SQL ] INSERT INTO `xsh_user_money_log` (`user_id` , `money` , `before` , `after` , `memo` , `type` , `service_ids` , `createtime`) VALUES (3008 , 20 , 216.63 , 236.63 , '每日收益' , 'sys' , '1' , 1670899828) [ RunTime:0.013554s ]
[ 2022-12-13T10:50:28+08:00 ][ sql ] [ SQL ] UPDATE `static_instance`  SET `remain_num`=`remain_num`-20  WHERE  `id` = 275 [ RunTime:0.015739s ]
[ 2022-12-13T10:50:28+08:00 ][ sql ] [ SQL ] UPDATE `static_instance`  SET `was_num`=`was_num`+20  WHERE  `id` = 275 [ RunTime:0.014340s ]
[ 2022-12-13T10:50:28+08:00 ][ sql ] [ SQL ] SELECT * FROM `xsh_user` WHERE  `id` = 3008 LIMIT 1 [ RunTime:0.000445s ]
[ 2022-12-13T10:50:28+08:00 ][ sql ] [ SQL ] SELECT * FROM `xsh_user` WHERE  `id` = 3007 LIMIT 1 [ RunTime:0.000304s ]
[ 2022-12-13T10:50:28+08:00 ][ sql ] [ SQL ] SELECT * FROM `xsh_user` WHERE  `id` = 3006 LIMIT 1 [ RunTime:0.000320s ]
[ 2022-12-13T10:50:28+08:00 ][ sql ] [ SQL ] SELECT * FROM `xsh_user` WHERE  `id` = 3003 LIMIT 1 [ RunTime:0.000259s ]
[ 2022-12-13T10:50:28+08:00 ][ sql ] [ SQL ] SELECT * FROM `xsh_user` WHERE  `id` = 3002 LIMIT 1 [ RunTime:0.000189s ]
[ 2022-12-13T10:50:28+08:00 ][ sql ] [ SQL ] SELECT * FROM `xsh_user` WHERE  `id` = 2977 LIMIT 1 [ RunTime:0.000171s ]
[ 2022-12-13T10:50:28+08:00 ][ sql ] [ SQL ] SELECT * FROM `static_instance` WHERE  `user_id` = 2977  AND `remain_num` > 0 LIMIT 1 [ RunTime:0.000153s ]
[ 2022-12-13T10:50:28+08:00 ][ sql ] [ SQL ] SELECT * FROM `xsh_user` WHERE  `id` = 2976 LIMIT 1 [ RunTime:0.000170s ]
[ 2022-12-13T10:50:28+08:00 ][ sql ] [ SQL ] SELECT * FROM `xsh_user` WHERE  `id` = 2595 LIMIT 1 [ RunTime:0.000167s ]
[ 2022-12-13T10:50:28+08:00 ][ sql ] [ SQL ] SELECT * FROM `xsh_user` WHERE  `id` = 0 LIMIT 1 [ RunTime:0.000160s ]
[ 2022-12-13T10:50:28+08:00 ][ sql ] [ SQL ] SHOW COLUMNS FROM `xsh_user_team` [ RunTime:0.000905s ]
[ 2022-12-13T10:50:28+08:00 ][ sql ] [ SQL ] SELECT * FROM `xsh_user_team` WHERE  (  1=1 ) [ RunTime:0.000331s ]
[ 2022-12-13T10:50:28+08:00 ][ sql ] [ SQL ] UPDATE `xsh_user_team`  SET `yestodayorder`=0  WHERE  `id` = 1 [ RunTime:0.000221s ]
[ 2022-12-13T10:50:28+08:00 ][ sql ] [ SQL ] UPDATE `xsh_user_team`  SET `yestodayorder`=0  WHERE  `id` = 382 [ RunTime:0.000195s ]
[ 2022-12-13T10:50:28+08:00 ][ sql ] [ SQL ] UPDATE `xsh_user_team`  SET `yestodayorder`=0  WHERE  `id` = 383 [ RunTime:0.000169s ]
[ 2022-12-13T10:50:28+08:00 ][ sql ] [ SQL ] UPDATE `xsh_user_team`  SET `yestodayorder`=0  WHERE  `id` = 384 [ RunTime:0.000172s ]
[ 2022-12-13T10:50:28+08:00 ][ sql ] [ SQL ] UPDATE `xsh_user_team`  SET `yestodayorder`=0  WHERE  `id` = 385 [ RunTime:0.000145s ]
[ 2022-12-13T10:50:28+08:00 ][ sql ] [ SQL ] UPDATE `xsh_user_team`  SET `yestodayorder`=0  WHERE  `id` = 386 [ RunTime:0.000127s ]
[ 2022-12-13T10:50:28+08:00 ][ sql ] [ SQL ] UPDATE `xsh_user_team`  SET `yestodayorder`=0  WHERE  `id` = 387 [ RunTime:0.000105s ]
[ 2022-12-13T10:50:28+08:00 ][ sql ] [ SQL ] UPDATE `xsh_user_team`  SET `yestodayorder`=0  WHERE  `id` = 388 [ RunTime:0.000149s ]
[ 2022-12-13T10:50:28+08:00 ][ sql ] [ SQL ] UPDATE `xsh_user_team`  SET `yestodayorder`=0  WHERE  `id` = 389 [ RunTime:0.000154s ]
[ 2022-12-13T10:50:28+08:00 ][ sql ] [ SQL ] UPDATE `xsh_user_team`  SET `yestodayorder`=0  WHERE  `id` = 390 [ RunTime:0.000147s ]
[ 2022-12-13T10:50:28+08:00 ][ sql ] [ SQL ] UPDATE `xsh_user_team`  SET `yestodayorder`=0  WHERE  `id` = 391 [ RunTime:0.000165s ]
[ 2022-12-13T10:50:28+08:00 ][ sql ] [ SQL ] UPDATE `xsh_user_team`  SET `yestodayorder`=0  WHERE  `id` = 392 [ RunTime:0.000148s ]
[ 2022-12-13T10:50:28+08:00 ][ sql ] [ SQL ] UPDATE `xsh_user_team`  SET `yestodayorder`=0  WHERE  `id` = 393 [ RunTime:0.000160s ]
[ 2022-12-13T10:50:28+08:00 ][ sql ] [ SQL ] UPDATE `xsh_user_team`  SET `yestodayorder`=0  WHERE  `id` = 394 [ RunTime:0.000137s ]
[ 2022-12-13T10:50:28+08:00 ][ sql ] [ SQL ] UPDATE `xsh_user_team`  SET `yestodayorder`=0  WHERE  `id` = 395 [ RunTime:0.000173s ]
[ 2022-12-13T10:50:28+08:00 ][ sql ] [ SQL ] UPDATE `xsh_user_team`  SET `yestodayorder`=0  WHERE  `id` = 396 [ RunTime:0.000153s ]
[ 2022-12-13T10:50:28+08:00 ][ sql ] [ SQL ] UPDATE `xsh_user_team`  SET `yestodayorder`=0  WHERE  `id` = 397 [ RunTime:0.000149s ]
[ 2022-12-13T10:50:28+08:00 ][ sql ] [ SQL ] UPDATE `xsh_user_team`  SET `yestodayorder`=0  WHERE  `id` = 398 [ RunTime:0.000135s ]
[ 2022-12-13T10:50:28+08:00 ][ sql ] [ SQL ] UPDATE `xsh_user_team`  SET `yestodayorder`=0  WHERE  `id` = 399 [ RunTime:0.000129s ]
[ 2022-12-13T10:50:28+08:00 ][ sql ] [ SQL ] UPDATE `xsh_user_team`  SET `yestodayorder`=0  WHERE  `id` = 400 [ RunTime:0.000141s ]
[ 2022-12-13T10:50:28+08:00 ][ sql ] [ SQL ] UPDATE `xsh_user_team`  SET `yestodayorder`=0  WHERE  `id` = 401 [ RunTime:0.000223s ]
[ 2022-12-13T10:50:28+08:00 ][ sql ] [ SQL ] UPDATE `xsh_user_team`  SET `yestodayorder`=0  WHERE  `id` = 402 [ RunTime:0.000113s ]
[ 2022-12-13T10:50:28+08:00 ][ sql ] [ SQL ] UPDATE `xsh_user_team`  SET `yestodayorder`=0  WHERE  `id` = 403 [ RunTime:0.000217s ]
[ 2022-12-13T10:50:28+08:00 ][ sql ] [ SQL ] UPDATE `xsh_user_team`  SET `yestodayorder`=0  WHERE  `id` = 404 [ RunTime:0.000202s ]
[ 2022-12-13T10:50:28+08:00 ][ sql ] [ SQL ] UPDATE `xsh_user_team`  SET `yestodayorder`=0  WHERE  `id` = 405 [ RunTime:0.000211s ]
[ 2022-12-13T10:50:28+08:00 ][ sql ] [ SQL ] UPDATE `xsh_user_team`  SET `yestodayorder`=0  WHERE  `id` = 406 [ RunTime:0.000225s ]
[ 2022-12-13T10:50:28+08:00 ][ sql ] [ SQL ] UPDATE `xsh_user_team`  SET `yestodayorder`=0  WHERE  `id` = 407 [ RunTime:0.000115s ]
[ 2022-12-13T10:50:28+08:00 ][ sql ] [ SQL ] UPDATE `xsh_user_team`  SET `yestodayorder`=0  WHERE  `id` = 408 [ RunTime:0.000100s ]
[ 2022-12-13T10:50:28+08:00 ][ sql ] [ SQL ] UPDATE `xsh_user_team`  SET `yestodayorder`=0  WHERE  `id` = 409 [ RunTime:0.000100s ]
[ 2022-12-13T10:50:28+08:00 ][ sql ] [ SQL ] UPDATE `xsh_user_team`  SET `yestodayorder`=0  WHERE  `id` = 410 [ RunTime:0.000178s ]
[ 2022-12-13T10:50:28+08:00 ][ sql ] [ SQL ] UPDATE `xsh_user_team`  SET `yestodayorder`=0  WHERE  `id` = 411 [ RunTime:0.000146s ]
[ 2022-12-13T10:50:28+08:00 ][ sql ] [ SQL ] UPDATE `xsh_user_team`  SET `yestodayorder`=0  WHERE  `id` = 412 [ RunTime:0.000130s ]
[ 2022-12-13T10:50:28+08:00 ][ sql ] [ SQL ] UPDATE `xsh_user_team`  SET `yestodayorder`=0  WHERE  `id` = 413 [ RunTime:0.000115s ]
[ 2022-12-13T10:50:28+08:00 ][ sql ] [ SQL ] UPDATE `xsh_user_team`  SET `yestodayorder`=0  WHERE  `id` = 414 [ RunTime:0.000107s ]
[ 2022-12-13T10:50:28+08:00 ][ sql ] [ SQL ] UPDATE `xsh_user_team`  SET `yestodayorder`=0  WHERE  `id` = 415 [ RunTime:0.000101s ]
[ 2022-12-13T10:50:28+08:00 ][ sql ] [ SQL ] UPDATE `xsh_user_team`  SET `yestodayorder`=0  WHERE  `id` = 416 [ RunTime:0.000106s ]
[ 2022-12-13T10:50:28+08:00 ][ sql ] [ SQL ] UPDATE `xsh_user_team`  SET `yestodayorder`=0  WHERE  `id` = 417 [ RunTime:0.000227s ]
[ 2022-12-13T10:50:28+08:00 ][ sql ] [ SQL ] UPDATE `xsh_user_team`  SET `yestodayorder`=0  WHERE  `id` = 418 [ RunTime:0.000130s ]
[ 2022-12-13T10:50:28+08:00 ][ sql ] [ SQL ] UPDATE `xsh_user_team`  SET `yestodayorder`=0  WHERE  `id` = 419 [ RunTime:0.000134s ]
[ 2022-12-13T10:50:28+08:00 ][ sql ] [ SQL ] UPDATE `xsh_user_team`  SET `yestodayorder`=0  WHERE  `id` = 420 [ RunTime:0.000135s ]
[ 2022-12-13T10:50:28+08:00 ][ sql ] [ SQL ] UPDATE `xsh_user_team`  SET `yestodayorder`=0  WHERE  `id` = 421 [ RunTime:0.000103s ]
[ 2022-12-13T10:50:28+08:00 ][ sql ] [ SQL ] UPDATE `xsh_user_team`  SET `yestodayorder`=0  WHERE  `id` = 422 [ RunTime:0.000101s ]
[ 2022-12-13T10:50:28+08:00 ][ sql ] [ SQL ] UPDATE `xsh_user_team`  SET `yestodayorder`=0  WHERE  `id` = 423 [ RunTime:0.000170s ]
[ 2022-12-13T10:50:28+08:00 ][ sql ] [ SQL ] UPDATE `xsh_user_team`  SET `yestodayorder`=0  WHERE  `id` = 424 [ RunTime:0.000212s ]
[ 2022-12-13T10:50:28+08:00 ][ sql ] [ SQL ] UPDATE `xsh_user_team`  SET `yestodayorder`=0  WHERE  `id` = 425 [ RunTime:0.000109s ]
[ 2022-12-13T10:50:28+08:00 ][ sql ] [ SQL ] UPDATE `xsh_user_team`  SET `yestodayorder`=0  WHERE  `id` = 426 [ RunTime:0.000105s ]
[ 2022-12-13T10:50:28+08:00 ][ sql ] [ SQL ] UPDATE `xsh_user_team`  SET `yestodayorder`=0  WHERE  `id` = 427 [ RunTime:0.000100s ]
[ 2022-12-13T10:50:28+08:00 ][ sql ] [ SQL ] UPDATE `xsh_user_team`  SET `yestodayorder`=0  WHERE  `id` = 428 [ RunTime:0.000100s ]
[ 2022-12-13T10:50:28+08:00 ][ sql ] [ SQL ] UPDATE `xsh_user_team`  SET `yestodayorder`=0  WHERE  `id` = 429 [ RunTime:0.000097s ]
[ 2022-12-13T10:50:28+08:00 ][ sql ] [ SQL ] UPDATE `xsh_user_team`  SET `yestodayorder`=0  WHERE  `id` = 430 [ RunTime:0.000108s ]
[ 2022-12-13T10:50:28+08:00 ][ sql ] [ SQL ] UPDATE `xsh_user_team`  SET `yestodayorder`=0  WHERE  `id` = 431 [ RunTime:0.000097s ]
[ 2022-12-13T10:50:28+08:00 ][ sql ] [ SQL ] UPDATE `xsh_user_team`  SET `yestodayorder`=0  WHERE  `id` = 432 [ RunTime:0.000103s ]
[ 2022-12-13T10:50:28+08:00 ][ sql ] [ SQL ] UPDATE `xsh_user_team`  SET `yestodayorder`=0  WHERE  `id` = 433 [ RunTime:0.000126s ]
[ 2022-12-13T10:50:28+08:00 ][ sql ] [ SQL ] UPDATE `xsh_user_team`  SET `yestodayorder`=0  WHERE  `id` = 434 [ RunTime:0.000142s ]
[ 2022-12-13T10:50:28+08:00 ][ sql ] [ SQL ] UPDATE `xsh_user_team`  SET `yestodayorder`=0  WHERE  `id` = 435 [ RunTime:0.000106s ]
[ 2022-12-13T10:50:28+08:00 ][ sql ] [ SQL ] UPDATE `xsh_user_team`  SET `todayorder`=0  WHERE  (  1=1 ) [ RunTime:0.000133s ]
[ 2022-12-13T10:51:20+08:00 ][ info ] [ BEHAVIOR ] Run Closure @app_init [ RunTime:0.000108s ]
[ info ] [ LOG ] INIT File
[ 2022-12-13T10:51:20+08:00 ][ info ] [ CACHE ] INIT File
[ 2022-12-13T10:51:20+08:00 ][ info ] [ BEHAVIOR ] Run \addons\alioss\Alioss @app_init [ RunTime:0.003296s ]
[ 2022-12-13T10:51:20+08:00 ][ info ] [ BEHAVIOR ] Run \addons\epay\Epay @app_init [ RunTime:0.000128s ]
[ 2022-12-13T10:51:20+08:00 ][ info ] [ BEHAVIOR ] Run \addons\wanlshop\Wanlshop @app_init [ RunTime:0.000634s ]
[ 2022-12-13T10:51:20+08:00 ][ info ] [ BEHAVIOR ] Run Closure @app_init [ RunTime:0.000758s ]
[ 2022-12-13T10:51:20+08:00 ][ info ] [ DB ] INIT mysql
[ 2022-12-13T10:51:20+08:00 ][ sql ] [ DB ] CONNECT:[ UseTime:0.001392s ] mysql:host=127.0.0.1;port=3306;dbname=wisdom;charset=utf8mb4
[ 2022-12-13T10:51:20+08:00 ][ sql ] [ SQL ] SHOW COLUMNS FROM `static_instance` [ RunTime:0.001508s ]
[ 2022-12-13T10:51:20+08:00 ][ sql ] [ SQL ] SELECT * FROM `static_instance` WHERE  (  1=1 )  AND `remain_num` > 0 [ RunTime:0.000561s ]
[ 2022-12-13T10:51:20+08:00 ][ sql ] [ SQL ] SHOW COLUMNS FROM `xsh_system_config` [ RunTime:0.001286s ]
[ 2022-12-13T10:51:20+08:00 ][ sql ] [ SQL ] SELECT * FROM `xsh_system_config` WHERE  `s_key` = 'release_rate' LIMIT 1 [ RunTime:0.000247s ]
[ 2022-12-13T10:51:20+08:00 ][ sql ] [ SQL ] SELECT * FROM `xsh_system_config` WHERE  `s_key` = 'distribution' LIMIT 1 [ RunTime:0.000290s ]
[ 2022-12-13T10:51:20+08:00 ][ sql ] [ SQL ] SHOW COLUMNS FROM `xsh_zconfig` [ RunTime:0.000819s ]
[ 2022-12-13T10:51:20+08:00 ][ sql ] [ SQL ] SELECT * FROM `xsh_zconfig` WHERE  `key` = 'delaytime' LIMIT 1 [ RunTime:0.000218s ]
[ 2022-12-13T10:51:20+08:00 ][ sql ] [ SQL ] SHOW COLUMNS FROM `xsh_user` [ RunTime:0.001143s ]
[ 2022-12-13T10:51:20+08:00 ][ sql ] [ SQL ] SELECT * FROM `xsh_user` WHERE  `id` = 3007 LIMIT 1 [ RunTime:0.000484s ]
[ 2022-12-13T10:51:20+08:00 ][ sql ] [ SQL ] SELECT * FROM `xsh_user` WHERE  `id` = 3007 LIMIT 1 [ RunTime:0.000330s ]
[ 2022-12-13T10:51:20+08:00 ][ sql ] [ SQL ] UPDATE `xsh_user`  SET `money`=442.61  WHERE  `id` = 3007 [ RunTime:0.030040s ]
[ 2022-12-13T10:51:20+08:00 ][ sql ] [ SQL ] SHOW COLUMNS FROM `xsh_user_money_log` [ RunTime:0.001176s ]
[ 2022-12-13T10:51:20+08:00 ][ sql ] [ SQL ] INSERT INTO `xsh_user_money_log` (`user_id` , `money` , `before` , `after` , `memo` , `type` , `service_ids` , `createtime`) VALUES (3007 , 25 , 417.61 , 442.61 , '每日收益' , 'sys' , '1' , 1670899880) [ RunTime:0.011816s ]
[ 2022-12-13T10:51:20+08:00 ][ sql ] [ SQL ] UPDATE `static_instance`  SET `remain_num`=`remain_num`-25  WHERE  `id` = 272 [ RunTime:0.011825s ]
[ 2022-12-13T10:51:20+08:00 ][ sql ] [ SQL ] UPDATE `static_instance`  SET `was_num`=`was_num`+25  WHERE  `id` = 272 [ RunTime:0.017810s ]
[ 2022-12-13T10:51:20+08:00 ][ sql ] [ SQL ] SELECT * FROM `xsh_user` WHERE  `id` = 3007 LIMIT 1 [ RunTime:0.000595s ]
[ 2022-12-13T10:51:20+08:00 ][ sql ] [ SQL ] SELECT * FROM `xsh_user` WHERE  `id` = 3006 LIMIT 1 [ RunTime:0.000639s ]
[ 2022-12-13T10:51:20+08:00 ][ sql ] [ SQL ] SELECT * FROM `xsh_user` WHERE  `id` = 3003 LIMIT 1 [ RunTime:0.000392s ]
[ 2022-12-13T10:51:20+08:00 ][ sql ] [ SQL ] SELECT * FROM `xsh_user` WHERE  `id` = 3002 LIMIT 1 [ RunTime:0.000439s ]
[ 2022-12-13T10:51:20+08:00 ][ sql ] [ SQL ] SELECT * FROM `xsh_user` WHERE  `id` = 2977 LIMIT 1 [ RunTime:0.000306s ]
[ 2022-12-13T10:51:20+08:00 ][ sql ] [ SQL ] SELECT * FROM `static_instance` WHERE  `user_id` = 2977  AND `remain_num` > 0 LIMIT 1 [ RunTime:0.000487s ]
[ 2022-12-13T10:51:20+08:00 ][ sql ] [ SQL ] SELECT * FROM `xsh_user` WHERE  `id` = 2976 LIMIT 1 [ RunTime:0.000541s ]
[ 2022-12-13T10:51:20+08:00 ][ sql ] [ SQL ] SELECT * FROM `xsh_user` WHERE  `id` = 2595 LIMIT 1 [ RunTime:0.000353s ]
[ 2022-12-13T10:51:20+08:00 ][ sql ] [ SQL ] SELECT * FROM `xsh_user` WHERE  `id` = 0 LIMIT 1 [ RunTime:0.000259s ]
[ 2022-12-13T10:51:20+08:00 ][ sql ] [ SQL ] SELECT * FROM `xsh_user` WHERE  `id` = 3006 LIMIT 1 [ RunTime:0.000270s ]
[ 2022-12-13T10:51:20+08:00 ][ sql ] [ SQL ] SELECT * FROM `xsh_user` WHERE  `id` = 3006 LIMIT 1 [ RunTime:0.000232s ]
[ 2022-12-13T10:51:20+08:00 ][ sql ] [ SQL ] UPDATE `xsh_user`  SET `money`=311.46  WHERE  `id` = 3006 [ RunTime:0.021690s ]
[ 2022-12-13T10:51:20+08:00 ][ sql ] [ SQL ] INSERT INTO `xsh_user_money_log` (`user_id` , `money` , `before` , `after` , `memo` , `type` , `service_ids` , `createtime`) VALUES (3006 , 33.333333333333 , 278.13 , 311.46 , '每日收益' , 'sys' , '1' , 1670899880) [ RunTime:0.014679s ]
[ 2022-12-13T10:51:20+08:00 ][ sql ] [ SQL ] UPDATE `static_instance`  SET `remain_num`=`remain_num`-33.333333333333  WHERE  `id` = 273 [ RunTime:0.012363s ]
[ 2022-12-13T10:51:20+08:00 ][ sql ] [ SQL ] UPDATE `static_instance`  SET `was_num`=`was_num`+33.333333333333  WHERE  `id` = 273 [ RunTime:0.017195s ]
[ 2022-12-13T10:51:20+08:00 ][ sql ] [ SQL ] SELECT * FROM `xsh_user` WHERE  `id` = 3006 LIMIT 1 [ RunTime:0.000628s ]
[ 2022-12-13T10:51:20+08:00 ][ sql ] [ SQL ] SELECT * FROM `xsh_user` WHERE  `id` = 3003 LIMIT 1 [ RunTime:0.000600s ]
[ 2022-12-13T10:51:20+08:00 ][ sql ] [ SQL ] SELECT * FROM `xsh_user` WHERE  `id` = 3002 LIMIT 1 [ RunTime:0.000414s ]
[ 2022-12-13T10:51:20+08:00 ][ sql ] [ SQL ] SELECT * FROM `xsh_user` WHERE  `id` = 2977 LIMIT 1 [ RunTime:0.000422s ]
[ 2022-12-13T10:51:20+08:00 ][ sql ] [ SQL ] SELECT * FROM `static_instance` WHERE  `user_id` = 2977  AND `remain_num` > 0 LIMIT 1 [ RunTime:0.000426s ]
[ 2022-12-13T10:51:20+08:00 ][ sql ] [ SQL ] SELECT * FROM `xsh_user` WHERE  `id` = 2976 LIMIT 1 [ RunTime:0.000394s ]
[ 2022-12-13T10:51:20+08:00 ][ sql ] [ SQL ] SELECT * FROM `xsh_user` WHERE  `id` = 2595 LIMIT 1 [ RunTime:0.000365s ]
[ 2022-12-13T10:51:20+08:00 ][ sql ] [ SQL ] SELECT * FROM `xsh_user` WHERE  `id` = 0 LIMIT 1 [ RunTime:0.000372s ]
[ 2022-12-13T10:51:20+08:00 ][ sql ] [ SQL ] SELECT * FROM `xsh_user` WHERE  `id` = 3009 LIMIT 1 [ RunTime:0.000371s ]
[ 2022-12-13T10:51:20+08:00 ][ sql ] [ SQL ] SELECT * FROM `xsh_user` WHERE  `id` = 3009 LIMIT 1 [ RunTime:0.000410s ]
[ 2022-12-13T10:51:20+08:00 ][ sql ] [ SQL ] UPDATE `xsh_user`  SET `money`=233.3  WHERE  `id` = 3009 [ RunTime:0.008348s ]
[ 2022-12-13T10:51:20+08:00 ][ sql ] [ SQL ] INSERT INTO `xsh_user_money_log` (`user_id` , `money` , `before` , `after` , `memo` , `type` , `service_ids` , `createtime`) VALUES (3009 , 16.666666666667 , 216.64 , 233.3 , '每日收益' , 'sys' , '1' , 1670899880) [ RunTime:0.015335s ]
[ 2022-12-13T10:51:20+08:00 ][ sql ] [ SQL ] UPDATE `static_instance`  SET `remain_num`=`remain_num`-16.666666666667  WHERE  `id` = 274 [ RunTime:0.015266s ]
[ 2022-12-13T10:51:20+08:00 ][ sql ] [ SQL ] UPDATE `static_instance`  SET `was_num`=`was_num`+16.666666666667  WHERE  `id` = 274 [ RunTime:0.015886s ]
[ 2022-12-13T10:51:20+08:00 ][ sql ] [ SQL ] SELECT * FROM `xsh_user` WHERE  `id` = 3009 LIMIT 1 [ RunTime:0.000603s ]
[ 2022-12-13T10:51:20+08:00 ][ sql ] [ SQL ] SELECT * FROM `xsh_user` WHERE  `id` = 3008 LIMIT 1 [ RunTime:0.000551s ]
[ 2022-12-13T10:51:20+08:00 ][ sql ] [ SQL ] SELECT * FROM `xsh_user` WHERE  `id` = 3007 LIMIT 1 [ RunTime:0.000348s ]
[ 2022-12-13T10:51:20+08:00 ][ sql ] [ SQL ] SELECT * FROM `xsh_user` WHERE  `id` = 3006 LIMIT 1 [ RunTime:0.000382s ]
[ 2022-12-13T10:51:20+08:00 ][ sql ] [ SQL ] SELECT * FROM `xsh_user` WHERE  `id` = 3003 LIMIT 1 [ RunTime:0.000439s ]
[ 2022-12-13T10:51:20+08:00 ][ sql ] [ SQL ] SELECT * FROM `xsh_user` WHERE  `id` = 3002 LIMIT 1 [ RunTime:0.000403s ]
[ 2022-12-13T10:51:20+08:00 ][ sql ] [ SQL ] SELECT * FROM `xsh_user` WHERE  `id` = 2977 LIMIT 1 [ RunTime:0.000356s ]
[ 2022-12-13T10:51:20+08:00 ][ sql ] [ SQL ] SELECT * FROM `static_instance` WHERE  `user_id` = 2977  AND `remain_num` > 0 LIMIT 1 [ RunTime:0.000317s ]
[ 2022-12-13T10:51:20+08:00 ][ sql ] [ SQL ] SELECT * FROM `xsh_user` WHERE  `id` = 2976 LIMIT 1 [ RunTime:0.000305s ]
[ 2022-12-13T10:51:20+08:00 ][ sql ] [ SQL ] SELECT * FROM `xsh_user` WHERE  `id` = 2595 LIMIT 1 [ RunTime:0.000306s ]
[ 2022-12-13T10:51:20+08:00 ][ sql ] [ SQL ] SELECT * FROM `xsh_user` WHERE  `id` = 0 LIMIT 1 [ RunTime:0.000273s ]
[ 2022-12-13T10:51:20+08:00 ][ sql ] [ SQL ] SELECT * FROM `xsh_user` WHERE  `id` = 3008 LIMIT 1 [ RunTime:0.000357s ]
[ 2022-12-13T10:51:20+08:00 ][ sql ] [ SQL ] SELECT * FROM `xsh_user` WHERE  `id` = 3008 LIMIT 1 [ RunTime:0.000453s ]
[ 2022-12-13T10:51:20+08:00 ][ sql ] [ SQL ] UPDATE `xsh_user`  SET `money`=256.63  WHERE  `id` = 3008 [ RunTime:0.021115s ]
[ 2022-12-13T10:51:20+08:00 ][ sql ] [ SQL ] INSERT INTO `xsh_user_money_log` (`user_id` , `money` , `before` , `after` , `memo` , `type` , `service_ids` , `createtime`) VALUES (3008 , 20 , 236.63 , 256.63 , '每日收益' , 'sys' , '1' , 1670899880) [ RunTime:0.013964s ]
[ 2022-12-13T10:51:20+08:00 ][ sql ] [ SQL ] UPDATE `static_instance`  SET `remain_num`=`remain_num`-20  WHERE  `id` = 275 [ RunTime:0.014288s ]
[ 2022-12-13T10:51:20+08:00 ][ sql ] [ SQL ] UPDATE `static_instance`  SET `was_num`=`was_num`+20  WHERE  `id` = 275 [ RunTime:0.015625s ]
[ 2022-12-13T10:51:20+08:00 ][ sql ] [ SQL ] SELECT * FROM `xsh_user` WHERE  `id` = 3008 LIMIT 1 [ RunTime:0.000539s ]
[ 2022-12-13T10:51:20+08:00 ][ sql ] [ SQL ] SELECT * FROM `xsh_user` WHERE  `id` = 3007 LIMIT 1 [ RunTime:0.000542s ]
[ 2022-12-13T10:51:20+08:00 ][ sql ] [ SQL ] SELECT * FROM `xsh_user` WHERE  `id` = 3006 LIMIT 1 [ RunTime:0.000389s ]
[ 2022-12-13T10:51:20+08:00 ][ sql ] [ SQL ] SELECT * FROM `xsh_user` WHERE  `id` = 3003 LIMIT 1 [ RunTime:0.000386s ]
[ 2022-12-13T10:51:20+08:00 ][ sql ] [ SQL ] SELECT * FROM `xsh_user` WHERE  `id` = 3002 LIMIT 1 [ RunTime:0.000467s ]
[ 2022-12-13T10:51:20+08:00 ][ sql ] [ SQL ] SELECT * FROM `xsh_user` WHERE  `id` = 2977 LIMIT 1 [ RunTime:0.000391s ]
[ 2022-12-13T10:51:20+08:00 ][ sql ] [ SQL ] SELECT * FROM `static_instance` WHERE  `user_id` = 2977  AND `remain_num` > 0 LIMIT 1 [ RunTime:0.000343s ]
[ 2022-12-13T10:51:20+08:00 ][ sql ] [ SQL ] SELECT * FROM `xsh_user` WHERE  `id` = 2976 LIMIT 1 [ RunTime:0.000380s ]
[ 2022-12-13T10:51:20+08:00 ][ sql ] [ SQL ] SELECT * FROM `xsh_user` WHERE  `id` = 2595 LIMIT 1 [ RunTime:0.000511s ]
[ 2022-12-13T10:51:20+08:00 ][ sql ] [ SQL ] SELECT * FROM `xsh_user` WHERE  `id` = 0 LIMIT 1 [ RunTime:0.000426s ]
[ 2022-12-13T10:51:20+08:00 ][ sql ] [ SQL ] SHOW COLUMNS FROM `xsh_user_team` [ RunTime:0.001272s ]
[ 2022-12-13T10:51:20+08:00 ][ sql ] [ SQL ] SELECT * FROM `xsh_user_team` WHERE  (  1=1 ) [ RunTime:0.000464s ]
[ 2022-12-13T10:51:20+08:00 ][ sql ] [ SQL ] UPDATE `xsh_user_team`  SET `yestodayorder`=0  WHERE  `id` = 1 [ RunTime:0.000341s ]
[ 2022-12-13T10:51:20+08:00 ][ sql ] [ SQL ] UPDATE `xsh_user_team`  SET `yestodayorder`=0  WHERE  `id` = 382 [ RunTime:0.000303s ]
[ 2022-12-13T10:51:20+08:00 ][ sql ] [ SQL ] UPDATE `xsh_user_team`  SET `yestodayorder`=0  WHERE  `id` = 383 [ RunTime:0.000300s ]
[ 2022-12-13T10:51:20+08:00 ][ sql ] [ SQL ] UPDATE `xsh_user_team`  SET `yestodayorder`=0  WHERE  `id` = 384 [ RunTime:0.000303s ]
[ 2022-12-13T10:51:20+08:00 ][ sql ] [ SQL ] UPDATE `xsh_user_team`  SET `yestodayorder`=0  WHERE  `id` = 385 [ RunTime:0.000243s ]
[ 2022-12-13T10:51:20+08:00 ][ sql ] [ SQL ] UPDATE `xsh_user_team`  SET `yestodayorder`=0  WHERE  `id` = 386 [ RunTime:0.000331s ]
[ 2022-12-13T10:51:20+08:00 ][ sql ] [ SQL ] UPDATE `xsh_user_team`  SET `yestodayorder`=0  WHERE  `id` = 387 [ RunTime:0.000310s ]
[ 2022-12-13T10:51:20+08:00 ][ sql ] [ SQL ] UPDATE `xsh_user_team`  SET `yestodayorder`=0  WHERE  `id` = 388 [ RunTime:0.000310s ]
[ 2022-12-13T10:51:20+08:00 ][ sql ] [ SQL ] UPDATE `xsh_user_team`  SET `yestodayorder`=0  WHERE  `id` = 389 [ RunTime:0.000336s ]
[ 2022-12-13T10:51:20+08:00 ][ sql ] [ SQL ] UPDATE `xsh_user_team`  SET `yestodayorder`=0  WHERE  `id` = 390 [ RunTime:0.000283s ]
[ 2022-12-13T10:51:20+08:00 ][ sql ] [ SQL ] UPDATE `xsh_user_team`  SET `yestodayorder`=0  WHERE  `id` = 391 [ RunTime:0.000315s ]
[ 2022-12-13T10:51:20+08:00 ][ sql ] [ SQL ] UPDATE `xsh_user_team`  SET `yestodayorder`=0  WHERE  `id` = 392 [ RunTime:0.000239s ]
[ 2022-12-13T10:51:20+08:00 ][ sql ] [ SQL ] UPDATE `xsh_user_team`  SET `yestodayorder`=0  WHERE  `id` = 393 [ RunTime:0.000274s ]
[ 2022-12-13T10:51:20+08:00 ][ sql ] [ SQL ] UPDATE `xsh_user_team`  SET `yestodayorder`=0  WHERE  `id` = 394 [ RunTime:0.000292s ]
[ 2022-12-13T10:51:20+08:00 ][ sql ] [ SQL ] UPDATE `xsh_user_team`  SET `yestodayorder`=0  WHERE  `id` = 395 [ RunTime:0.000301s ]
[ 2022-12-13T10:51:20+08:00 ][ sql ] [ SQL ] UPDATE `xsh_user_team`  SET `yestodayorder`=0  WHERE  `id` = 396 [ RunTime:0.000297s ]
[ 2022-12-13T10:51:20+08:00 ][ sql ] [ SQL ] UPDATE `xsh_user_team`  SET `yestodayorder`=0  WHERE  `id` = 397 [ RunTime:0.000206s ]
[ 2022-12-13T10:51:20+08:00 ][ sql ] [ SQL ] UPDATE `xsh_user_team`  SET `yestodayorder`=0  WHERE  `id` = 398 [ RunTime:0.000209s ]
[ 2022-12-13T10:51:20+08:00 ][ sql ] [ SQL ] UPDATE `xsh_user_team`  SET `yestodayorder`=0  WHERE  `id` = 399 [ RunTime:0.000206s ]
[ 2022-12-13T10:51:20+08:00 ][ sql ] [ SQL ] UPDATE `xsh_user_team`  SET `yestodayorder`=0  WHERE  `id` = 400 [ RunTime:0.000208s ]
[ 2022-12-13T10:51:20+08:00 ][ sql ] [ SQL ] UPDATE `xsh_user_team`  SET `yestodayorder`=0  WHERE  `id` = 401 [ RunTime:0.000204s ]
[ 2022-12-13T10:51:20+08:00 ][ sql ] [ SQL ] UPDATE `xsh_user_team`  SET `yestodayorder`=0  WHERE  `id` = 402 [ RunTime:0.000205s ]
[ 2022-12-13T10:51:20+08:00 ][ sql ] [ SQL ] UPDATE `xsh_user_team`  SET `yestodayorder`=0  WHERE  `id` = 403 [ RunTime:0.000134s ]
[ 2022-12-13T10:51:20+08:00 ][ sql ] [ SQL ] UPDATE `xsh_user_team`  SET `yestodayorder`=0  WHERE  `id` = 404 [ RunTime:0.000109s ]
[ 2022-12-13T10:51:20+08:00 ][ sql ] [ SQL ] UPDATE `xsh_user_team`  SET `yestodayorder`=0  WHERE  `id` = 405 [ RunTime:0.000143s ]
[ 2022-12-13T10:51:20+08:00 ][ sql ] [ SQL ] UPDATE `xsh_user_team`  SET `yestodayorder`=0  WHERE  `id` = 406 [ RunTime:0.000229s ]
[ 2022-12-13T10:51:20+08:00 ][ sql ] [ SQL ] UPDATE `xsh_user_team`  SET `yestodayorder`=0  WHERE  `id` = 407 [ RunTime:0.000163s ]
[ 2022-12-13T10:51:20+08:00 ][ sql ] [ SQL ] UPDATE `xsh_user_team`  SET `yestodayorder`=0  WHERE  `id` = 408 [ RunTime:0.000150s ]
[ 2022-12-13T10:51:20+08:00 ][ sql ] [ SQL ] UPDATE `xsh_user_team`  SET `yestodayorder`=0  WHERE  `id` = 409 [ RunTime:0.000154s ]
[ 2022-12-13T10:51:20+08:00 ][ sql ] [ SQL ] UPDATE `xsh_user_team`  SET `yestodayorder`=0  WHERE  `id` = 410 [ RunTime:0.000113s ]
[ 2022-12-13T10:51:20+08:00 ][ sql ] [ SQL ] UPDATE `xsh_user_team`  SET `yestodayorder`=0  WHERE  `id` = 411 [ RunTime:0.000110s ]
[ 2022-12-13T10:51:20+08:00 ][ sql ] [ SQL ] UPDATE `xsh_user_team`  SET `yestodayorder`=0  WHERE  `id` = 412 [ RunTime:0.000098s ]
[ 2022-12-13T10:51:20+08:00 ][ sql ] [ SQL ] UPDATE `xsh_user_team`  SET `yestodayorder`=0  WHERE  `id` = 413 [ RunTime:0.000103s ]
[ 2022-12-13T10:51:20+08:00 ][ sql ] [ SQL ] UPDATE `xsh_user_team`  SET `yestodayorder`=0  WHERE  `id` = 414 [ RunTime:0.000106s ]
[ 2022-12-13T10:51:20+08:00 ][ sql ] [ SQL ] UPDATE `xsh_user_team`  SET `yestodayorder`=0  WHERE  `id` = 415 [ RunTime:0.000181s ]
[ 2022-12-13T10:51:20+08:00 ][ sql ] [ SQL ] UPDATE `xsh_user_team`  SET `yestodayorder`=0  WHERE  `id` = 416 [ RunTime:0.000213s ]
[ 2022-12-13T10:51:20+08:00 ][ sql ] [ SQL ] UPDATE `xsh_user_team`  SET `yestodayorder`=0  WHERE  `id` = 417 [ RunTime:0.000205s ]
[ 2022-12-13T10:51:20+08:00 ][ sql ] [ SQL ] UPDATE `xsh_user_team`  SET `yestodayorder`=0  WHERE  `id` = 418 [ RunTime:0.000224s ]
[ 2022-12-13T10:51:20+08:00 ][ sql ] [ SQL ] UPDATE `xsh_user_team`  SET `yestodayorder`=0  WHERE  `id` = 419 [ RunTime:0.000204s ]
[ 2022-12-13T10:51:20+08:00 ][ sql ] [ SQL ] UPDATE `xsh_user_team`  SET `yestodayorder`=0  WHERE  `id` = 420 [ RunTime:0.000207s ]
[ 2022-12-13T10:51:20+08:00 ][ sql ] [ SQL ] UPDATE `xsh_user_team`  SET `yestodayorder`=0  WHERE  `id` = 421 [ RunTime:0.000231s ]
[ 2022-12-13T10:51:20+08:00 ][ sql ] [ SQL ] UPDATE `xsh_user_team`  SET `yestodayorder`=0  WHERE  `id` = 422 [ RunTime:0.000166s ]
[ 2022-12-13T10:51:20+08:00 ][ sql ] [ SQL ] UPDATE `xsh_user_team`  SET `yestodayorder`=0  WHERE  `id` = 423 [ RunTime:0.000131s ]
[ 2022-12-13T10:51:20+08:00 ][ sql ] [ SQL ] UPDATE `xsh_user_team`  SET `yestodayorder`=0  WHERE  `id` = 424 [ RunTime:0.000128s ]
[ 2022-12-13T10:51:20+08:00 ][ sql ] [ SQL ] UPDATE `xsh_user_team`  SET `yestodayorder`=0  WHERE  `id` = 425 [ RunTime:0.000142s ]
[ 2022-12-13T10:51:20+08:00 ][ sql ] [ SQL ] UPDATE `xsh_user_team`  SET `yestodayorder`=0  WHERE  `id` = 426 [ RunTime:0.000138s ]
[ 2022-12-13T10:51:20+08:00 ][ sql ] [ SQL ] UPDATE `xsh_user_team`  SET `yestodayorder`=0  WHERE  `id` = 427 [ RunTime:0.000309s ]
[ 2022-12-13T10:51:20+08:00 ][ sql ] [ SQL ] UPDATE `xsh_user_team`  SET `yestodayorder`=0  WHERE  `id` = 428 [ RunTime:0.000273s ]
[ 2022-12-13T10:51:20+08:00 ][ sql ] [ SQL ] UPDATE `xsh_user_team`  SET `yestodayorder`=0  WHERE  `id` = 429 [ RunTime:0.000226s ]
[ 2022-12-13T10:51:20+08:00 ][ sql ] [ SQL ] UPDATE `xsh_user_team`  SET `yestodayorder`=0  WHERE  `id` = 430 [ RunTime:0.000203s ]
[ 2022-12-13T10:51:20+08:00 ][ sql ] [ SQL ] UPDATE `xsh_user_team`  SET `yestodayorder`=0  WHERE  `id` = 431 [ RunTime:0.000150s ]
[ 2022-12-13T10:51:20+08:00 ][ sql ] [ SQL ] UPDATE `xsh_user_team`  SET `yestodayorder`=0  WHERE  `id` = 432 [ RunTime:0.000134s ]
[ 2022-12-13T10:51:20+08:00 ][ sql ] [ SQL ] UPDATE `xsh_user_team`  SET `yestodayorder`=0  WHERE  `id` = 433 [ RunTime:0.000129s ]
[ 2022-12-13T10:51:20+08:00 ][ sql ] [ SQL ] UPDATE `xsh_user_team`  SET `yestodayorder`=0  WHERE  `id` = 434 [ RunTime:0.000112s ]
[ 2022-12-13T10:51:20+08:00 ][ sql ] [ SQL ] UPDATE `xsh_user_team`  SET `yestodayorder`=0  WHERE  `id` = 435 [ RunTime:0.000104s ]
[ 2022-12-13T10:51:20+08:00 ][ sql ] [ SQL ] UPDATE `xsh_user_team`  SET `todayorder`=0  WHERE  (  1=1 ) [ RunTime:0.000136s ]
[ 2022-12-13T11:00:20+08:00 ][ info ] [ BEHAVIOR ] Run Closure @app_init [ RunTime:0.000113s ]
[ info ] [ LOG ] INIT File
[ 2022-12-13T11:00:20+08:00 ][ info ] [ CACHE ] INIT File
[ 2022-12-13T11:00:20+08:00 ][ info ] [ BEHAVIOR ] Run \addons\alioss\Alioss @app_init [ RunTime:0.003051s ]
[ 2022-12-13T11:00:20+08:00 ][ info ] [ BEHAVIOR ] Run \addons\epay\Epay @app_init [ RunTime:0.000098s ]
[ 2022-12-13T11:00:20+08:00 ][ info ] [ BEHAVIOR ] Run \addons\wanlshop\Wanlshop @app_init [ RunTime:0.000601s ]
[ 2022-12-13T11:00:20+08:00 ][ info ] [ BEHAVIOR ] Run Closure @app_init [ RunTime:0.000816s ]
[ 2022-12-13T11:00:20+08:00 ][ info ] [ DB ] INIT mysql
[ 2022-12-13T11:00:20+08:00 ][ sql ] [ DB ] CONNECT:[ UseTime:0.011684s ] mysql:host=127.0.0.1;port=3306;dbname=wisdom;charset=utf8mb4
[ 2022-12-13T11:00:20+08:00 ][ sql ] [ SQL ] SHOW COLUMNS FROM `static_instance` [ RunTime:0.002267s ]
[ 2022-12-13T11:00:20+08:00 ][ sql ] [ SQL ] SELECT * FROM `static_instance` WHERE  (  1=1 )  AND `remain_num` > 0 [ RunTime:0.000474s ]
[ 2022-12-13T11:00:20+08:00 ][ sql ] [ SQL ] SHOW COLUMNS FROM `xsh_system_config` [ RunTime:0.000968s ]
[ 2022-12-13T11:00:20+08:00 ][ sql ] [ SQL ] SELECT * FROM `xsh_system_config` WHERE  `s_key` = 'release_rate' LIMIT 1 [ RunTime:0.000357s ]
[ 2022-12-13T11:00:20+08:00 ][ sql ] [ SQL ] SELECT * FROM `xsh_system_config` WHERE  `s_key` = 'distribution' LIMIT 1 [ RunTime:0.000172s ]
[ 2022-12-13T11:00:20+08:00 ][ sql ] [ SQL ] SHOW COLUMNS FROM `xsh_zconfig` [ RunTime:0.000885s ]
[ 2022-12-13T11:00:20+08:00 ][ sql ] [ SQL ] SELECT * FROM `xsh_zconfig` WHERE  `key` = 'delaytime' LIMIT 1 [ RunTime:0.000398s ]
[ 2022-12-13T11:00:20+08:00 ][ sql ] [ SQL ] SHOW COLUMNS FROM `xsh_user` [ RunTime:0.001418s ]
[ 2022-12-13T11:00:20+08:00 ][ sql ] [ SQL ] SELECT * FROM `xsh_user` WHERE  `id` = 3007 LIMIT 1 [ RunTime:0.000489s ]
[ 2022-12-13T11:00:20+08:00 ][ sql ] [ SQL ] SELECT * FROM `xsh_user` WHERE  `id` = 3007 LIMIT 1 [ RunTime:0.000319s ]
[ 2022-12-13T11:00:20+08:00 ][ sql ] [ SQL ] UPDATE `xsh_user`  SET `money`=467.61  WHERE  `id` = 3007 [ RunTime:0.027592s ]
[ 2022-12-13T11:00:20+08:00 ][ sql ] [ SQL ] SHOW COLUMNS FROM `xsh_user_money_log` [ RunTime:0.001120s ]
[ 2022-12-13T11:00:20+08:00 ][ sql ] [ SQL ] INSERT INTO `xsh_user_money_log` (`user_id` , `money` , `before` , `after` , `memo` , `type` , `service_ids` , `createtime`) VALUES (3007 , 25 , 442.61 , 467.61 , '每日收益' , 'sys' , '1' , 1670900420) [ RunTime:0.010273s ]
[ 2022-12-13T11:00:20+08:00 ][ sql ] [ SQL ] UPDATE `static_instance`  SET `remain_num`=`remain_num`-25  WHERE  `id` = 272 [ RunTime:0.014754s ]
[ 2022-12-13T11:00:20+08:00 ][ sql ] [ SQL ] UPDATE `static_instance`  SET `was_num`=`was_num`+25  WHERE  `id` = 272 [ RunTime:0.015203s ]
[ 2022-12-13T11:00:20+08:00 ][ sql ] [ SQL ] SELECT * FROM `xsh_user` WHERE  `id` = 3007 LIMIT 1 [ RunTime:0.000397s ]
[ 2022-12-13T11:00:20+08:00 ][ sql ] [ SQL ] SELECT * FROM `xsh_user` WHERE  `id` = 3006 LIMIT 1 [ RunTime:0.000649s ]
[ 2022-12-13T11:00:20+08:00 ][ sql ] [ SQL ] SELECT * FROM `static_instance` WHERE  `user_id` = 3006  AND `remain_num` > 0 LIMIT 1 [ RunTime:0.000349s ]
[ 2022-12-13T11:00:20+08:00 ][ sql ] [ SQL ] SELECT * FROM `xsh_user` WHERE  `id` = 3006 LIMIT 1 [ RunTime:0.000292s ]
[ 2022-12-13T11:00:20+08:00 ][ sql ] [ SQL ] UPDATE `xsh_user`  SET `money`=316.46  WHERE  `id` = 3006 [ RunTime:0.008851s ]
[ 2022-12-13T11:00:20+08:00 ][ sql ] [ SQL ] INSERT INTO `xsh_user_money_log` (`user_id` , `money` , `before` , `after` , `memo` , `type` , `service_ids` , `createtime`) VALUES (3006 , 5 , 311.46 , 316.46 , '团队奖励__3007_lina777' , 'sys' , '5' , 1670900420) [ RunTime:0.014205s ]
[ 2022-12-13T11:00:20+08:00 ][ sql ] [ SQL ] UPDATE `static_instance`  SET `remain_num`=`remain_num`-5  WHERE  `id` = 273 [ RunTime:0.016336s ]
[ 2022-12-13T11:00:21+08:00 ][ sql ] [ SQL ] UPDATE `static_instance`  SET `was_num`=`was_num`+5  WHERE  `id` = 273 [ RunTime:0.017522s ]
[ 2022-12-13T11:00:21+08:00 ][ sql ] [ SQL ] SELECT * FROM `xsh_user` WHERE  `id` = 3006 LIMIT 1 [ RunTime:0.000489s ]
[ 2022-12-13T11:00:21+08:00 ][ sql ] [ SQL ] SELECT * FROM `xsh_user` WHERE  `id` = 3003 LIMIT 1 [ RunTime:0.000277s ]
[ 2022-12-13T11:00:21+08:00 ][ sql ] [ SQL ] SELECT * FROM `xsh_user` WHERE  `id` = 3003 LIMIT 1 [ RunTime:0.000276s ]
[ 2022-12-13T11:00:21+08:00 ][ sql ] [ SQL ] SELECT * FROM `xsh_user` WHERE  `id` = 3002 LIMIT 1 [ RunTime:0.000429s ]
[ 2022-12-13T11:00:21+08:00 ][ sql ] [ SQL ] SELECT * FROM `xsh_user` WHERE  `id` = 2977 LIMIT 1 [ RunTime:0.000343s ]
[ 2022-12-13T11:00:21+08:00 ][ sql ] [ SQL ] SELECT * FROM `xsh_user` WHERE  `id` = 2976 LIMIT 1 [ RunTime:0.000236s ]
[ 2022-12-13T11:00:21+08:00 ][ sql ] [ SQL ] SELECT * FROM `xsh_user` WHERE  `id` = 2595 LIMIT 1 [ RunTime:0.000325s ]
[ 2022-12-13T11:00:21+08:00 ][ sql ] [ SQL ] SELECT * FROM `static_instance` WHERE  `user_id` = 2595  AND `remain_num` > 0 LIMIT 1 [ RunTime:0.000275s ]
[ 2022-12-13T11:00:21+08:00 ][ sql ] [ SQL ] SELECT * FROM `xsh_user` WHERE  `id` = 0 LIMIT 1 [ RunTime:0.000259s ]
[ 2022-12-13T11:00:21+08:00 ][ sql ] [ SQL ] SELECT * FROM `xsh_user` WHERE  `id` = 3006 LIMIT 1 [ RunTime:0.000287s ]
[ 2022-12-13T11:00:21+08:00 ][ sql ] [ SQL ] SELECT * FROM `xsh_user` WHERE  `id` = 3006 LIMIT 1 [ RunTime:0.000282s ]
[ 2022-12-13T11:00:21+08:00 ][ sql ] [ SQL ] UPDATE `xsh_user`  SET `money`=349.79  WHERE  `id` = 3006 [ RunTime:0.006969s ]
[ 2022-12-13T11:00:21+08:00 ][ sql ] [ SQL ] INSERT INTO `xsh_user_money_log` (`user_id` , `money` , `before` , `after` , `memo` , `type` , `service_ids` , `createtime`) VALUES (3006 , 33.333333333333 , 316.46 , 349.79 , '每日收益' , 'sys' , '1' , 1670900421) [ RunTime:0.016227s ]
[ 2022-12-13T11:00:21+08:00 ][ sql ] [ SQL ] UPDATE `static_instance`  SET `remain_num`=`remain_num`-33.333333333333  WHERE  `id` = 273 [ RunTime:0.015106s ]
[ 2022-12-13T11:00:21+08:00 ][ sql ] [ SQL ] UPDATE `static_instance`  SET `was_num`=`was_num`+33.333333333333  WHERE  `id` = 273 [ RunTime:0.014931s ]
[ 2022-12-13T11:00:21+08:00 ][ sql ] [ SQL ] SELECT * FROM `xsh_user` WHERE  `id` = 3006 LIMIT 1 [ RunTime:0.000500s ]
[ 2022-12-13T11:00:21+08:00 ][ sql ] [ SQL ] SELECT * FROM `xsh_user` WHERE  `id` = 3003 LIMIT 1 [ RunTime:0.000586s ]
[ 2022-12-13T11:00:21+08:00 ][ sql ] [ SQL ] SELECT * FROM `static_instance` WHERE  `user_id` = 3003  AND `remain_num` > 0 LIMIT 1 [ RunTime:0.000275s ]
[ 2022-12-13T11:00:21+08:00 ][ sql ] [ SQL ] SELECT * FROM `xsh_user` WHERE  `id` = 3002 LIMIT 1 [ RunTime:0.000430s ]
[ 2022-12-13T11:00:21+08:00 ][ sql ] [ SQL ] SELECT * FROM `xsh_user` WHERE  `id` = 2977 LIMIT 1 [ RunTime:0.000321s ]
[ 2022-12-13T11:00:21+08:00 ][ sql ] [ SQL ] SELECT * FROM `xsh_user` WHERE  `id` = 2976 LIMIT 1 [ RunTime:0.000281s ]
[ 2022-12-13T11:00:21+08:00 ][ sql ] [ SQL ] SELECT * FROM `xsh_user` WHERE  `id` = 2595 LIMIT 1 [ RunTime:0.000224s ]
[ 2022-12-13T11:00:21+08:00 ][ sql ] [ SQL ] SELECT * FROM `static_instance` WHERE  `user_id` = 2595  AND `remain_num` > 0 LIMIT 1 [ RunTime:0.000201s ]
[ 2022-12-13T11:00:21+08:00 ][ sql ] [ SQL ] SELECT * FROM `xsh_user` WHERE  `id` = 0 LIMIT 1 [ RunTime:0.000433s ]
[ 2022-12-13T11:00:21+08:00 ][ sql ] [ SQL ] SELECT * FROM `xsh_user` WHERE  `id` = 3009 LIMIT 1 [ RunTime:0.000284s ]
[ 2022-12-13T11:00:21+08:00 ][ sql ] [ SQL ] SELECT * FROM `xsh_user` WHERE  `id` = 3009 LIMIT 1 [ RunTime:0.000237s ]
[ 2022-12-13T11:00:21+08:00 ][ sql ] [ SQL ] UPDATE `xsh_user`  SET `money`=249.96  WHERE  `id` = 3009 [ RunTime:0.006478s ]
[ 2022-12-13T11:00:21+08:00 ][ sql ] [ SQL ] INSERT INTO `xsh_user_money_log` (`user_id` , `money` , `before` , `after` , `memo` , `type` , `service_ids` , `createtime`) VALUES (3009 , 16.666666666667 , 233.3 , 249.96 , '每日收益' , 'sys' , '1' , 1670900421) [ RunTime:0.015677s ]
[ 2022-12-13T11:00:21+08:00 ][ sql ] [ SQL ] UPDATE `static_instance`  SET `remain_num`=`remain_num`-16.666666666667  WHERE  `id` = 274 [ RunTime:0.015434s ]
[ 2022-12-13T11:00:21+08:00 ][ sql ] [ SQL ] UPDATE `static_instance`  SET `was_num`=`was_num`+16.666666666667  WHERE  `id` = 274 [ RunTime:0.015584s ]
[ 2022-12-13T11:00:21+08:00 ][ sql ] [ SQL ] SELECT * FROM `xsh_user` WHERE  `id` = 3009 LIMIT 1 [ RunTime:0.000537s ]
[ 2022-12-13T11:00:21+08:00 ][ sql ] [ SQL ] SELECT * FROM `xsh_user` WHERE  `id` = 3008 LIMIT 1 [ RunTime:0.000655s ]
[ 2022-12-13T11:00:21+08:00 ][ sql ] [ SQL ] SELECT * FROM `static_instance` WHERE  `user_id` = 3008  AND `remain_num` > 0 LIMIT 1 [ RunTime:0.000524s ]
[ 2022-12-13T11:00:21+08:00 ][ sql ] [ SQL ] SELECT * FROM `xsh_user` WHERE  `id` = 3008 LIMIT 1 [ RunTime:0.000351s ]
[ 2022-12-13T11:00:21+08:00 ][ sql ] [ SQL ] UPDATE `xsh_user`  SET `money`=258.63  WHERE  `id` = 3008 [ RunTime:0.011015s ]
[ 2022-12-13T11:00:21+08:00 ][ sql ] [ SQL ] INSERT INTO `xsh_user_money_log` (`user_id` , `money` , `before` , `after` , `memo` , `type` , `service_ids` , `createtime`) VALUES (3008 , 2 , 256.63 , 258.63 , '团队奖励__3009_luo8989' , 'sys' , '5' , 1670900421) [ RunTime:0.014523s ]
[ 2022-12-13T11:00:21+08:00 ][ sql ] [ SQL ] UPDATE `static_instance`  SET `remain_num`=`remain_num`-2  WHERE  `id` = 275 [ RunTime:0.016011s ]
[ 2022-12-13T11:00:21+08:00 ][ sql ] [ SQL ] UPDATE `static_instance`  SET `was_num`=`was_num`+2  WHERE  `id` = 275 [ RunTime:0.015503s ]
[ 2022-12-13T11:00:21+08:00 ][ sql ] [ SQL ] SELECT * FROM `xsh_user` WHERE  `id` = 3008 LIMIT 1 [ RunTime:0.000495s ]
[ 2022-12-13T11:00:21+08:00 ][ sql ] [ SQL ] SELECT * FROM `xsh_user` WHERE  `id` = 3007 LIMIT 1 [ RunTime:0.000249s ]
[ 2022-12-13T11:00:21+08:00 ][ sql ] [ SQL ] SELECT * FROM `xsh_user` WHERE  `id` = 3007 LIMIT 1 [ RunTime:0.000271s ]
[ 2022-12-13T11:00:21+08:00 ][ sql ] [ SQL ] SELECT * FROM `static_instance` WHERE  `user_id` = 3007  AND `remain_num` > 0 LIMIT 1 [ RunTime:0.000231s ]
[ 2022-12-13T11:00:21+08:00 ][ sql ] [ SQL ] SELECT * FROM `xsh_user` WHERE  `id` = 3007 LIMIT 1 [ RunTime:0.000245s ]
[ 2022-12-13T11:00:21+08:00 ][ sql ] [ SQL ] UPDATE `xsh_user`  SET `money`=468.11  WHERE  `id` = 3007 [ RunTime:0.012850s ]
[ 2022-12-13T11:00:21+08:00 ][ sql ] [ SQL ] INSERT INTO `xsh_user_money_log` (`user_id` , `money` , `before` , `after` , `memo` , `type` , `service_ids` , `createtime`) VALUES (3007 , 0.5 , 467.61 , 468.11 , '团队奖励__3009_luo8989' , 'sys' , '5' , 1670900421) [ RunTime:0.014733s ]
[ 2022-12-13T11:00:21+08:00 ][ sql ] [ SQL ] UPDATE `static_instance`  SET `remain_num`=`remain_num`-0.5  WHERE  `id` = 272 [ RunTime:0.014831s ]
[ 2022-12-13T11:00:21+08:00 ][ sql ] [ SQL ] UPDATE `static_instance`  SET `was_num`=`was_num`+0.5  WHERE  `id` = 272 [ RunTime:0.014723s ]
[ 2022-12-13T11:00:21+08:00 ][ sql ] [ SQL ] SELECT * FROM `xsh_user` WHERE  `id` = 3007 LIMIT 1 [ RunTime:0.000419s ]
[ 2022-12-13T11:00:21+08:00 ][ sql ] [ SQL ] SELECT * FROM `xsh_user` WHERE  `id` = 3006 LIMIT 1 [ RunTime:0.000290s ]
[ 2022-12-13T11:00:21+08:00 ][ sql ] [ SQL ] SELECT * FROM `xsh_user` WHERE  `id` = 3006 LIMIT 1 [ RunTime:0.000284s ]
[ 2022-12-13T11:00:21+08:00 ][ sql ] [ SQL ] SELECT * FROM `static_instance` WHERE  `user_id` = 3006  AND `remain_num` > 0 LIMIT 1 [ RunTime:0.000294s ]
[ 2022-12-13T11:00:21+08:00 ][ sql ] [ SQL ] SELECT * FROM `xsh_user` WHERE  `id` = 3006 LIMIT 1 [ RunTime:0.000314s ]
[ 2022-12-13T11:00:21+08:00 ][ sql ] [ SQL ] UPDATE `xsh_user`  SET `money`=350.62  WHERE  `id` = 3006 [ RunTime:0.011819s ]
[ 2022-12-13T11:00:21+08:00 ][ sql ] [ SQL ] INSERT INTO `xsh_user_money_log` (`user_id` , `money` , `before` , `after` , `memo` , `type` , `service_ids` , `createtime`) VALUES (3006 , 0.83333333333333 , 349.79 , 350.62 , '团队奖励__3009_luo8989' , 'sys' , '5' , 1670900421) [ RunTime:0.014416s ]
[ 2022-12-13T11:00:21+08:00 ][ sql ] [ SQL ] UPDATE `static_instance`  SET `remain_num`=`remain_num`-0.83333333333333  WHERE  `id` = 273 [ RunTime:0.014752s ]
[ 2022-12-13T11:00:21+08:00 ][ sql ] [ SQL ] UPDATE `static_instance`  SET `was_num`=`was_num`+0.83333333333333  WHERE  `id` = 273 [ RunTime:0.016055s ]
[ 2022-12-13T11:00:21+08:00 ][ sql ] [ SQL ] SELECT * FROM `xsh_user` WHERE  `id` = 3006 LIMIT 1 [ RunTime:0.000569s ]
[ 2022-12-13T11:00:21+08:00 ][ sql ] [ SQL ] SELECT * FROM `xsh_user` WHERE  `id` = 3003 LIMIT 1 [ RunTime:0.000347s ]
[ 2022-12-13T11:00:21+08:00 ][ sql ] [ SQL ] SELECT * FROM `xsh_user` WHERE  `id` = 3003 LIMIT 1 [ RunTime:0.000238s ]
[ 2022-12-13T11:00:21+08:00 ][ sql ] [ SQL ] SELECT * FROM `xsh_user` WHERE  `id` = 3002 LIMIT 1 [ RunTime:0.000227s ]
[ 2022-12-13T11:00:21+08:00 ][ sql ] [ SQL ] SELECT * FROM `xsh_user` WHERE  `id` = 2977 LIMIT 1 [ RunTime:0.000209s ]
[ 2022-12-13T11:00:21+08:00 ][ sql ] [ SQL ] SELECT * FROM `xsh_user` WHERE  `id` = 2976 LIMIT 1 [ RunTime:0.000446s ]
[ 2022-12-13T11:00:21+08:00 ][ sql ] [ SQL ] SELECT * FROM `xsh_user` WHERE  `id` = 2595 LIMIT 1 [ RunTime:0.000321s ]
[ 2022-12-13T11:00:21+08:00 ][ sql ] [ SQL ] SELECT * FROM `static_instance` WHERE  `user_id` = 2595  AND `remain_num` > 0 LIMIT 1 [ RunTime:0.000237s ]
[ 2022-12-13T11:00:21+08:00 ][ sql ] [ SQL ] SELECT * FROM `xsh_user` WHERE  `id` = 0 LIMIT 1 [ RunTime:0.000342s ]
[ 2022-12-13T11:00:21+08:00 ][ sql ] [ SQL ] SELECT * FROM `xsh_user` WHERE  `id` = 3008 LIMIT 1 [ RunTime:0.000339s ]
[ 2022-12-13T11:00:21+08:00 ][ sql ] [ SQL ] SELECT * FROM `xsh_user` WHERE  `id` = 3008 LIMIT 1 [ RunTime:0.000298s ]
[ 2022-12-13T11:00:21+08:00 ][ sql ] [ SQL ] UPDATE `xsh_user`  SET `money`=278.63  WHERE  `id` = 3008 [ RunTime:0.007478s ]
[ 2022-12-13T11:00:21+08:00 ][ sql ] [ SQL ] INSERT INTO `xsh_user_money_log` (`user_id` , `money` , `before` , `after` , `memo` , `type` , `service_ids` , `createtime`) VALUES (3008 , 20 , 258.63 , 278.63 , '每日收益' , 'sys' , '1' , 1670900421) [ RunTime:0.015906s ]
[ 2022-12-13T11:00:21+08:00 ][ sql ] [ SQL ] UPDATE `static_instance`  SET `remain_num`=`remain_num`-20  WHERE  `id` = 275 [ RunTime:0.015899s ]
[ 2022-12-13T11:00:21+08:00 ][ sql ] [ SQL ] UPDATE `static_instance`  SET `was_num`=`was_num`+20  WHERE  `id` = 275 [ RunTime:0.014037s ]
[ 2022-12-13T11:00:21+08:00 ][ sql ] [ SQL ] SELECT * FROM `xsh_user` WHERE  `id` = 3008 LIMIT 1 [ RunTime:0.000508s ]
[ 2022-12-13T11:00:21+08:00 ][ sql ] [ SQL ] SELECT * FROM `xsh_user` WHERE  `id` = 3007 LIMIT 1 [ RunTime:0.000390s ]
[ 2022-12-13T11:00:21+08:00 ][ sql ] [ SQL ] SELECT * FROM `static_instance` WHERE  `user_id` = 3007  AND `remain_num` > 0 LIMIT 1 [ RunTime:0.000380s ]
[ 2022-12-13T11:00:21+08:00 ][ sql ] [ SQL ] SELECT * FROM `xsh_user` WHERE  `id` = 3007 LIMIT 1 [ RunTime:0.000416s ]
[ 2022-12-13T11:00:21+08:00 ][ sql ] [ SQL ] UPDATE `xsh_user`  SET `money`=471.11  WHERE  `id` = 3007 [ RunTime:0.011369s ]
[ 2022-12-13T11:00:21+08:00 ][ sql ] [ SQL ] INSERT INTO `xsh_user_money_log` (`user_id` , `money` , `before` , `after` , `memo` , `type` , `service_ids` , `createtime`) VALUES (3007 , 3 , 468.11 , 471.11 , '团队奖励__3008_hg168' , 'sys' , '5' , 1670900421) [ RunTime:0.014784s ]
[ 2022-12-13T11:00:21+08:00 ][ sql ] [ SQL ] UPDATE `static_instance`  SET `remain_num`=`remain_num`-3  WHERE  `id` = 272 [ RunTime:0.014449s ]
[ 2022-12-13T11:00:21+08:00 ][ sql ] [ SQL ] UPDATE `static_instance`  SET `was_num`=`was_num`+3  WHERE  `id` = 272 [ RunTime:0.014921s ]
[ 2022-12-13T11:00:21+08:00 ][ sql ] [ SQL ] SELECT * FROM `xsh_user` WHERE  `id` = 3007 LIMIT 1 [ RunTime:0.000477s ]
[ 2022-12-13T11:00:21+08:00 ][ sql ] [ SQL ] SELECT * FROM `xsh_user` WHERE  `id` = 3006 LIMIT 1 [ RunTime:0.000279s ]
[ 2022-12-13T11:00:21+08:00 ][ sql ] [ SQL ] SELECT * FROM `xsh_user` WHERE  `id` = 3006 LIMIT 1 [ RunTime:0.000290s ]
[ 2022-12-13T11:00:21+08:00 ][ sql ] [ SQL ] SELECT * FROM `static_instance` WHERE  `user_id` = 3006  AND `remain_num` > 0 LIMIT 1 [ RunTime:0.000219s ]
[ 2022-12-13T11:00:21+08:00 ][ sql ] [ SQL ] SELECT * FROM `xsh_user` WHERE  `id` = 3006 LIMIT 1 [ RunTime:0.000313s ]
[ 2022-12-13T11:00:21+08:00 ][ sql ] [ SQL ] UPDATE `xsh_user`  SET `money`=351.62  WHERE  `id` = 3006 [ RunTime:0.011097s ]
[ 2022-12-13T11:00:21+08:00 ][ sql ] [ SQL ] INSERT INTO `xsh_user_money_log` (`user_id` , `money` , `before` , `after` , `memo` , `type` , `service_ids` , `createtime`) VALUES (3006 , 1 , 350.62 , 351.62 , '团队奖励__3008_hg168' , 'sys' , '5' , 1670900421) [ RunTime:0.014532s ]
[ 2022-12-13T11:00:21+08:00 ][ sql ] [ SQL ] UPDATE `static_instance`  SET `remain_num`=`remain_num`-1  WHERE  `id` = 273 [ RunTime:0.014863s ]
[ 2022-12-13T11:00:21+08:00 ][ sql ] [ SQL ] UPDATE `static_instance`  SET `was_num`=`was_num`+1  WHERE  `id` = 273 [ RunTime:0.016017s ]
[ 2022-12-13T11:00:21+08:00 ][ sql ] [ SQL ] SELECT * FROM `xsh_user` WHERE  `id` = 3006 LIMIT 1 [ RunTime:0.000539s ]
[ 2022-12-13T11:00:21+08:00 ][ sql ] [ SQL ] SELECT * FROM `xsh_user` WHERE  `id` = 3003 LIMIT 1 [ RunTime:0.000433s ]
[ 2022-12-13T11:00:21+08:00 ][ sql ] [ SQL ] SELECT * FROM `xsh_user` WHERE  `id` = 3003 LIMIT 1 [ RunTime:0.000354s ]
[ 2022-12-13T11:00:21+08:00 ][ sql ] [ SQL ] SELECT * FROM `xsh_user` WHERE  `id` = 3002 LIMIT 1 [ RunTime:0.000298s ]
[ 2022-12-13T11:00:21+08:00 ][ sql ] [ SQL ] SELECT * FROM `xsh_user` WHERE  `id` = 2977 LIMIT 1 [ RunTime:0.000206s ]
[ 2022-12-13T11:00:21+08:00 ][ sql ] [ SQL ] SELECT * FROM `xsh_user` WHERE  `id` = 2976 LIMIT 1 [ RunTime:0.000198s ]
[ 2022-12-13T11:00:21+08:00 ][ sql ] [ SQL ] SELECT * FROM `xsh_user` WHERE  `id` = 2595 LIMIT 1 [ RunTime:0.000204s ]
[ 2022-12-13T11:00:21+08:00 ][ sql ] [ SQL ] SELECT * FROM `static_instance` WHERE  `user_id` = 2595  AND `remain_num` > 0 LIMIT 1 [ RunTime:0.000218s ]
[ 2022-12-13T11:00:21+08:00 ][ sql ] [ SQL ] SELECT * FROM `xsh_user` WHERE  `id` = 0 LIMIT 1 [ RunTime:0.000388s ]
[ 2022-12-13T11:00:21+08:00 ][ sql ] [ SQL ] SHOW COLUMNS FROM `xsh_user_team` [ RunTime:0.001208s ]
[ 2022-12-13T11:00:21+08:00 ][ sql ] [ SQL ] SELECT * FROM `xsh_user_team` WHERE  (  1=1 ) [ RunTime:0.000338s ]
[ 2022-12-13T11:00:21+08:00 ][ sql ] [ SQL ] UPDATE `xsh_user_team`  SET `yestodayorder`=0  WHERE  `id` = 1 [ RunTime:0.000193s ]
[ 2022-12-13T11:00:21+08:00 ][ sql ] [ SQL ] UPDATE `xsh_user_team`  SET `yestodayorder`=0  WHERE  `id` = 382 [ RunTime:0.000153s ]
[ 2022-12-13T11:00:21+08:00 ][ sql ] [ SQL ] UPDATE `xsh_user_team`  SET `yestodayorder`=0  WHERE  `id` = 383 [ RunTime:0.000169s ]
[ 2022-12-13T11:00:21+08:00 ][ sql ] [ SQL ] UPDATE `xsh_user_team`  SET `yestodayorder`=0  WHERE  `id` = 384 [ RunTime:0.000150s ]
[ 2022-12-13T11:00:21+08:00 ][ sql ] [ SQL ] UPDATE `xsh_user_team`  SET `yestodayorder`=0  WHERE  `id` = 385 [ RunTime:0.000186s ]
[ 2022-12-13T11:00:21+08:00 ][ sql ] [ SQL ] UPDATE `xsh_user_team`  SET `yestodayorder`=0  WHERE  `id` = 386 [ RunTime:0.000308s ]
[ 2022-12-13T11:00:21+08:00 ][ sql ] [ SQL ] UPDATE `xsh_user_team`  SET `yestodayorder`=0  WHERE  `id` = 387 [ RunTime:0.000301s ]
[ 2022-12-13T11:00:21+08:00 ][ sql ] [ SQL ] UPDATE `xsh_user_team`  SET `yestodayorder`=0  WHERE  `id` = 388 [ RunTime:0.000290s ]
[ 2022-12-13T11:00:21+08:00 ][ sql ] [ SQL ] UPDATE `xsh_user_team`  SET `yestodayorder`=0  WHERE  `id` = 389 [ RunTime:0.000305s ]
[ 2022-12-13T11:00:21+08:00 ][ sql ] [ SQL ] UPDATE `xsh_user_team`  SET `yestodayorder`=0  WHERE  `id` = 390 [ RunTime:0.000308s ]
[ 2022-12-13T11:00:21+08:00 ][ sql ] [ SQL ] UPDATE `xsh_user_team`  SET `yestodayorder`=0  WHERE  `id` = 391 [ RunTime:0.000260s ]
[ 2022-12-13T11:00:21+08:00 ][ sql ] [ SQL ] UPDATE `xsh_user_team`  SET `yestodayorder`=0  WHERE  `id` = 392 [ RunTime:0.000304s ]
[ 2022-12-13T11:00:21+08:00 ][ sql ] [ SQL ] UPDATE `xsh_user_team`  SET `yestodayorder`=0  WHERE  `id` = 393 [ RunTime:0.000316s ]
[ 2022-12-13T11:00:21+08:00 ][ sql ] [ SQL ] UPDATE `xsh_user_team`  SET `yestodayorder`=0  WHERE  `id` = 394 [ RunTime:0.000303s ]
[ 2022-12-13T11:00:21+08:00 ][ sql ] [ SQL ] UPDATE `xsh_user_team`  SET `yestodayorder`=0  WHERE  `id` = 395 [ RunTime:0.000302s ]
[ 2022-12-13T11:00:21+08:00 ][ sql ] [ SQL ] UPDATE `xsh_user_team`  SET `yestodayorder`=0  WHERE  `id` = 396 [ RunTime:0.000306s ]
[ 2022-12-13T11:00:21+08:00 ][ sql ] [ SQL ] UPDATE `xsh_user_team`  SET `yestodayorder`=0  WHERE  `id` = 397 [ RunTime:0.000271s ]
[ 2022-12-13T11:00:21+08:00 ][ sql ] [ SQL ] UPDATE `xsh_user_team`  SET `yestodayorder`=0  WHERE  `id` = 398 [ RunTime:0.000230s ]
[ 2022-12-13T11:00:21+08:00 ][ sql ] [ SQL ] UPDATE `xsh_user_team`  SET `yestodayorder`=0  WHERE  `id` = 399 [ RunTime:0.000152s ]
[ 2022-12-13T11:00:21+08:00 ][ sql ] [ SQL ] UPDATE `xsh_user_team`  SET `yestodayorder`=0  WHERE  `id` = 400 [ RunTime:0.000171s ]
[ 2022-12-13T11:00:21+08:00 ][ sql ] [ SQL ] UPDATE `xsh_user_team`  SET `yestodayorder`=0  WHERE  `id` = 401 [ RunTime:0.000163s ]
[ 2022-12-13T11:00:21+08:00 ][ sql ] [ SQL ] UPDATE `xsh_user_team`  SET `yestodayorder`=0  WHERE  `id` = 402 [ RunTime:0.000191s ]
[ 2022-12-13T11:00:21+08:00 ][ sql ] [ SQL ] UPDATE `xsh_user_team`  SET `yestodayorder`=0  WHERE  `id` = 403 [ RunTime:0.000182s ]
[ 2022-12-13T11:00:21+08:00 ][ sql ] [ SQL ] UPDATE `xsh_user_team`  SET `yestodayorder`=0  WHERE  `id` = 404 [ RunTime:0.000176s ]
[ 2022-12-13T11:00:21+08:00 ][ sql ] [ SQL ] UPDATE `xsh_user_team`  SET `yestodayorder`=0  WHERE  `id` = 405 [ RunTime:0.000178s ]
[ 2022-12-13T11:00:21+08:00 ][ sql ] [ SQL ] UPDATE `xsh_user_team`  SET `yestodayorder`=0  WHERE  `id` = 406 [ RunTime:0.000150s ]
[ 2022-12-13T11:00:21+08:00 ][ sql ] [ SQL ] UPDATE `xsh_user_team`  SET `yestodayorder`=0  WHERE  `id` = 407 [ RunTime:0.000161s ]
[ 2022-12-13T11:00:21+08:00 ][ sql ] [ SQL ] UPDATE `xsh_user_team`  SET `yestodayorder`=0  WHERE  `id` = 408 [ RunTime:0.000187s ]
[ 2022-12-13T11:00:21+08:00 ][ sql ] [ SQL ] UPDATE `xsh_user_team`  SET `yestodayorder`=0  WHERE  `id` = 409 [ RunTime:0.000216s ]
[ 2022-12-13T11:00:21+08:00 ][ sql ] [ SQL ] UPDATE `xsh_user_team`  SET `yestodayorder`=0  WHERE  `id` = 410 [ RunTime:0.000201s ]
[ 2022-12-13T11:00:21+08:00 ][ sql ] [ SQL ] UPDATE `xsh_user_team`  SET `yestodayorder`=0  WHERE  `id` = 411 [ RunTime:0.000302s ]
[ 2022-12-13T11:00:21+08:00 ][ sql ] [ SQL ] UPDATE `xsh_user_team`  SET `yestodayorder`=0  WHERE  `id` = 412 [ RunTime:0.000246s ]
[ 2022-12-13T11:00:21+08:00 ][ sql ] [ SQL ] UPDATE `xsh_user_team`  SET `yestodayorder`=0  WHERE  `id` = 413 [ RunTime:0.000207s ]
[ 2022-12-13T11:00:21+08:00 ][ sql ] [ SQL ] UPDATE `xsh_user_team`  SET `yestodayorder`=0  WHERE  `id` = 414 [ RunTime:0.000206s ]
[ 2022-12-13T11:00:21+08:00 ][ sql ] [ SQL ] UPDATE `xsh_user_team`  SET `yestodayorder`=0  WHERE  `id` = 415 [ RunTime:0.000202s ]
[ 2022-12-13T11:00:21+08:00 ][ sql ] [ SQL ] UPDATE `xsh_user_team`  SET `yestodayorder`=0  WHERE  `id` = 416 [ RunTime:0.000320s ]
[ 2022-12-13T11:00:21+08:00 ][ sql ] [ SQL ] UPDATE `xsh_user_team`  SET `yestodayorder`=0  WHERE  `id` = 417 [ RunTime:0.000227s ]
[ 2022-12-13T11:00:21+08:00 ][ sql ] [ SQL ] UPDATE `xsh_user_team`  SET `yestodayorder`=0  WHERE  `id` = 418 [ RunTime:0.000272s ]
[ 2022-12-13T11:00:21+08:00 ][ sql ] [ SQL ] UPDATE `xsh_user_team`  SET `yestodayorder`=0  WHERE  `id` = 419 [ RunTime:0.000183s ]
[ 2022-12-13T11:00:21+08:00 ][ sql ] [ SQL ] UPDATE `xsh_user_team`  SET `yestodayorder`=0  WHERE  `id` = 420 [ RunTime:0.000210s ]
[ 2022-12-13T11:00:21+08:00 ][ sql ] [ SQL ] UPDATE `xsh_user_team`  SET `yestodayorder`=0  WHERE  `id` = 421 [ RunTime:0.000210s ]
[ 2022-12-13T11:00:21+08:00 ][ sql ] [ SQL ] UPDATE `xsh_user_team`  SET `yestodayorder`=0  WHERE  `id` = 422 [ RunTime:0.000219s ]
[ 2022-12-13T11:00:21+08:00 ][ sql ] [ SQL ] UPDATE `xsh_user_team`  SET `yestodayorder`=0  WHERE  `id` = 423 [ RunTime:0.000294s ]
[ 2022-12-13T11:00:21+08:00 ][ sql ] [ SQL ] UPDATE `xsh_user_team`  SET `yestodayorder`=0  WHERE  `id` = 424 [ RunTime:0.000271s ]
[ 2022-12-13T11:00:21+08:00 ][ sql ] [ SQL ] UPDATE `xsh_user_team`  SET `yestodayorder`=0  WHERE  `id` = 425 [ RunTime:0.000344s ]
[ 2022-12-13T11:00:21+08:00 ][ sql ] [ SQL ] UPDATE `xsh_user_team`  SET `yestodayorder`=0  WHERE  `id` = 426 [ RunTime:0.000316s ]
[ 2022-12-13T11:00:21+08:00 ][ sql ] [ SQL ] UPDATE `xsh_user_team`  SET `yestodayorder`=0  WHERE  `id` = 427 [ RunTime:0.000222s ]
[ 2022-12-13T11:00:21+08:00 ][ sql ] [ SQL ] UPDATE `xsh_user_team`  SET `yestodayorder`=0  WHERE  `id` = 428 [ RunTime:0.000205s ]
[ 2022-12-13T11:00:21+08:00 ][ sql ] [ SQL ] UPDATE `xsh_user_team`  SET `yestodayorder`=0  WHERE  `id` = 429 [ RunTime:0.000193s ]
[ 2022-12-13T11:00:21+08:00 ][ sql ] [ SQL ] UPDATE `xsh_user_team`  SET `yestodayorder`=0  WHERE  `id` = 430 [ RunTime:0.000146s ]
[ 2022-12-13T11:00:21+08:00 ][ sql ] [ SQL ] UPDATE `xsh_user_team`  SET `yestodayorder`=0  WHERE  `id` = 431 [ RunTime:0.000214s ]
[ 2022-12-13T11:00:21+08:00 ][ sql ] [ SQL ] UPDATE `xsh_user_team`  SET `yestodayorder`=0  WHERE  `id` = 432 [ RunTime:0.000178s ]
[ 2022-12-13T11:00:21+08:00 ][ sql ] [ SQL ] UPDATE `xsh_user_team`  SET `yestodayorder`=0  WHERE  `id` = 433 [ RunTime:0.000183s ]
[ 2022-12-13T11:00:21+08:00 ][ sql ] [ SQL ] UPDATE `xsh_user_team`  SET `yestodayorder`=0  WHERE  `id` = 434 [ RunTime:0.000166s ]
[ 2022-12-13T11:00:21+08:00 ][ sql ] [ SQL ] UPDATE `xsh_user_team`  SET `yestodayorder`=0  WHERE  `id` = 435 [ RunTime:0.000216s ]
[ 2022-12-13T11:00:21+08:00 ][ sql ] [ SQL ] UPDATE `xsh_user_team`  SET `todayorder`=0  WHERE  (  1=1 ) [ RunTime:0.000207s ]
